#
# There is insufficient memory for the Java Runtime Environment to continue.
# Native memory allocation (malloc) failed to allocate 1985776 bytes for Chunk::new
# Possible reasons:
#   The system is out of physical RAM or swap space
#   The process is running with CompressedOops enabled, and the Java Heap may be blocking the growth of the native heap
# Possible solutions:
#   Reduce memory load on the system
#   Increase physical memory or swap space
#   Check if swap backing store is full
#   Decrease Java heap size (-Xmx/-Xms)
#   Decrease number of Java threads
#   Decrease Java thread stack sizes (-Xss)
#   Set larger code cache with -XX:ReservedCodeCacheSize=
#   JVM is running with Unscaled Compressed Oops mode in which the Java heap is
#     placed in the first 4GB address space. The Java Heap base address is the
#     maximum limit for the native heap growth. Please use -XX:HeapBaseMinAddress
#     to set the Java Heap base and to place the Java Heap above 4GB virtual address.
# This output file may be truncated or incomplete.
#
#  Out of Memory Error (./open/src/hotspot/share/memory/arena.cpp:195), pid=9808, tid=8000
#
# JRE version: Java(TM) SE Runtime Environment (15.0+36) (build 15+36-1562)
# Java VM: Java HotSpot(TM) 64-Bit Server VM (15+36-1562, mixed mode, sharing, tiered, compressed oops, g1 gc, windows-amd64)
# No core dump will be written. Minidumps are not enabled by default on client versions of Windows
#

---------------  S U M M A R Y ------------

Command Line: -Dfile.encoding=UTF8 --add-opens=java.base/java.util=ALL-UNNAMED --add-opens=java.base/java.lang=ALL-UNNAMED --add-opens=java.base/java.lang.invoke=ALL-UNNAMED --add-opens=java.prefs/java.util.prefs=ALL-UNNAMED -XX:MaxMetaspaceSize=256m -XX:+HeapDumpOnOutOfMemoryError -Xms256m -Xmx512m -Dfile.encoding=UTF8 -Duser.country=RU -Duser.language=ru -Duser.variant org.gradle.launcher.daemon.bootstrap.GradleDaemon 6.8.3

Host: Intel(R) Core(TM) i5-7200U CPU @ 2.50GHz, 4 cores, 5G,  Windows 10 , 64 bit Build 18362 (10.0.18362.1082)
Time: Wed Jun 16 11:05:50 2021 RTZ 2 (ceia) elapsed time: 113.049789 seconds (0d 0h 1m 53s)

---------------  T H R E A D  ---------------

Current thread (0x00000161e5256550):  JavaThread "C2 CompilerThread0" daemon [_thread_in_native, id=8000, stack(0x0000003333d00000,0x0000003333e00000)]


Current CompileTask:
C2: 113049 11680       4       jdk.internal.org.objectweb.asm.Frame::execute (2305 bytes)

Stack: [0x0000003333d00000,0x0000003333e00000]
Native frames: (J=compiled Java code, j=interpreted, Vv=VM code, C=native code)
V  [jvm.dll+0x629eaa]
V  [jvm.dll+0x780379]
V  [jvm.dll+0x781ad3]
V  [jvm.dll+0x782133]
V  [jvm.dll+0x2159d5]
V  [jvm.dll+0x9794a]
V  [jvm.dll+0x9802c]
V  [jvm.dll+0x32dc35]
V  [jvm.dll+0x2f6ffa]
V  [jvm.dll+0x2f63ba]
V  [jvm.dll+0x1e9dd5]
V  [jvm.dll+0x1e903e]
V  [jvm.dll+0x177f17]
V  [jvm.dll+0x1f88f5]
V  [jvm.dll+0x1f699c]
V  [jvm.dll+0x74384d]
V  [jvm.dll+0x73c64a]
V  [jvm.dll+0x628d16]
C  [ucrtbase.dll+0x20e82]
C  [KERNEL32.DLL+0x17bd4]
C  [ntdll.dll+0x6ce51]


---------------  P R O C E S S  ---------------

Threads class SMR info:
_java_thread_list=0x00000161e5c3f9c0, length=60, elements={
0x00000161ca843d10, 0x00000161e5232620, 0x00000161e5233100, 0x00000161e5251510,
0x00000161e5254df0, 0x00000161e52557b0, 0x00000161e5256550, 0x00000161e525b020,
0x00000161e5bc0800, 0x00000161e5c89bf0, 0x00000161e5caee30, 0x00000161e6c90ca0,
0x00000161e756b010, 0x00000161e6295030, 0x00000161e5dc8c10, 0x00000161e5dc6590,
0x00000161e5dc8270, 0x00000161e7843790, 0x00000161e783c410, 0x00000161e94998c0,
0x00000161e94968a0, 0x00000161ebe34230, 0x00000161ebe2f060, 0x00000161ebe363e0,
0x00000161ebe2fa00, 0x00000161ebe32ef0, 0x00000161ebe33d60, 0x00000161ebe32a20,
0x00000161ebe303a0, 0x00000161ebe34700, 0x00000161ebe33890, 0x00000161ebe2f530,
0x00000161ebe35a40, 0x00000161ebe31bb0, 0x00000161ebe30d40, 0x00000161ebe34bd0,
0x00000161ebe30870, 0x00000161ebe350a0, 0x00000161ebe31210, 0x00000161ebe316e0,
0x00000161ebe32080, 0x00000161ebe333c0, 0x00000161e94993f0, 0x00000161e9492540,
0x00000161e9497710, 0x00000161e9494220, 0x00000161e94933b0, 0x00000161e9498f20,
0x00000161e9496d70, 0x00000161e94946f0, 0x00000161e9497240, 0x00000161e94963d0,
0x00000161e9494bc0, 0x00000161e9495090, 0x00000161e9495a30, 0x00000161e9497be0,
0x00000161e94980b0, 0x00000161e9498a50, 0x00000161e9498580, 0x00000161e7841ab0
}

Java Threads: ( => current thread )
  0x00000161ca843d10 JavaThread "main" [_thread_blocked, id=5124, stack(0x0000003333100000,0x0000003333200000)]
  0x00000161e5232620 JavaThread "Reference Handler" daemon [_thread_blocked, id=6684, stack(0x0000003333800000,0x0000003333900000)]
  0x00000161e5233100 JavaThread "Finalizer" daemon [_thread_blocked, id=4516, stack(0x0000003333900000,0x0000003333a00000)]
  0x00000161e5251510 JavaThread "Signal Dispatcher" daemon [_thread_blocked, id=1640, stack(0x0000003333a00000,0x0000003333b00000)]
  0x00000161e5254df0 JavaThread "Attach Listener" daemon [_thread_blocked, id=1684, stack(0x0000003333b00000,0x0000003333c00000)]
  0x00000161e52557b0 JavaThread "Service Thread" daemon [_thread_blocked, id=3548, stack(0x0000003333c00000,0x0000003333d00000)]
=>0x00000161e5256550 JavaThread "C2 CompilerThread0" daemon [_thread_in_native, id=8000, stack(0x0000003333d00000,0x0000003333e00000)]
  0x00000161e525b020 JavaThread "C1 CompilerThread0" daemon [_thread_blocked, id=672, stack(0x0000003333e00000,0x0000003333f00000)]
  0x00000161e5bc0800 JavaThread "Sweeper thread" daemon [_thread_blocked, id=10264, stack(0x0000003333f00000,0x0000003334000000)]
  0x00000161e5c89bf0 JavaThread "Common-Cleaner" daemon [_thread_blocked, id=4656, stack(0x0000003334000000,0x0000003334100000)]
  0x00000161e5caee30 JavaThread "Notification Thread" daemon [_thread_blocked, id=2532, stack(0x0000003334100000,0x0000003334200000)]
  0x00000161e6c90ca0 JavaThread "Daemon health stats" [_thread_blocked, id=9376, stack(0x0000003334600000,0x0000003334700000)]
  0x00000161e756b010 JavaThread "Incoming local TCP Connector on port 54209" [_thread_in_native, id=11920, stack(0x0000003334900000,0x0000003334a00000)]
  0x00000161e6295030 JavaThread "Daemon periodic checks" [_thread_blocked, id=7184, stack(0x0000003334a00000,0x0000003334b00000)]
  0x00000161e5dc8c10 JavaThread "Cache worker for file hash cache (C:\Users\Work\.gradle\caches\6.8.3\fileHashes)" [_thread_blocked, id=8964, stack(0x0000003335200000,0x0000003335300000)]
  0x00000161e5dc6590 JavaThread "File lock request listener" [_thread_in_native, id=12168, stack(0x0000003335300000,0x0000003335400000)]
  0x00000161e5dc8270 JavaThread "Cache worker for journal cache (C:\Users\Work\.gradle\caches\journal-1)" [_thread_blocked, id=11776, stack(0x0000003335400000,0x0000003335500000)]
  0x00000161e7843790 JavaThread "Cache worker for execution history cache (C:\Users\Work\.gradle\caches\6.8.3\executionHistory)" [_thread_blocked, id=6028, stack(0x0000003335900000,0x0000003335a00000)]
  0x00000161e783c410 JavaThread "Cache worker for file content cache (C:\Users\Work\.gradle\caches\6.8.3\fileContent)" [_thread_blocked, id=8268, stack(0x0000003335b00000,0x0000003335c00000)]
  0x00000161e94998c0 JavaThread "Memory manager" [_thread_blocked, id=460, stack(0x0000003337300000,0x0000003337400000)]
  0x00000161e94968a0 JavaThread "Cache worker for Java compile cache (C:\Users\Work\.gradle\caches\6.8.3\javaCompile)" [_thread_blocked, id=8748, stack(0x0000003337900000,0x0000003337a00000)]
  0x00000161ebe34230 JavaThread "Daemon Thread 2" [_thread_blocked, id=1276, stack(0x0000003332e00000,0x0000003332f00000)]
  0x00000161ebe2f060 JavaThread "Handler for socket connection from /127.0.0.1:54209 to /127.0.0.1:54219" [_thread_in_native, id=3864, stack(0x0000003332f00000,0x0000003333000000)]
  0x00000161ebe363e0 JavaThread "Cancel handler" [_thread_blocked, id=10652, stack(0x0000003333000000,0x0000003333100000)]
  0x00000161ebe2fa00 JavaThread "Daemon worker Thread 2" [_thread_in_native, id=2144, stack(0x0000003334b00000,0x0000003334c00000)]
  0x00000161ebe32ef0 JavaThread "Asynchronous log dispatcher for DefaultDaemonConnection: socket connection from /127.0.0.1:54209 to /127.0.0.1:54219" [_thread_blocked, id=2980, stack(0x0000003334c00000,0x0000003334d00000)]
  0x00000161ebe33d60 JavaThread "Stdin handler" [_thread_blocked, id=8920, stack(0x0000003334d00000,0x0000003334e00000)]
  0x00000161ebe32a20 JavaThread "Daemon client event forwarder" [_thread_blocked, id=7136, stack(0x0000003334e00000,0x0000003334f00000)]
  0x00000161ebe303a0 JavaThread "Cache worker for file hash cache (C:\Users\Work\IdeaProjects\projectflow\.gradle\6.8.3\fileHashes)" [_thread_blocked, id=9344, stack(0x0000003334f00000,0x0000003335000000)]
  0x00000161ebe34700 JavaThread "Cache worker for checksums cache (C:\Users\Work\IdeaProjects\projectflow\.gradle\checksums)" [_thread_blocked, id=11972, stack(0x0000003335000000,0x0000003335100000)]
  0x00000161ebe33890 JavaThread "Cache worker for cache directory md-supplier (C:\Users\Work\.gradle\caches\6.8.3\md-supplier)" [_thread_blocked, id=10120, stack(0x0000003335100000,0x0000003335200000)]
  0x00000161ebe2f530 JavaThread "Cache worker for cache directory md-rule (C:\Users\Work\.gradle\caches\6.8.3\md-rule)" [_thread_blocked, id=9220, stack(0x0000003335500000,0x0000003335600000)]
  0x00000161ebe35a40 JavaThread "Cache worker for Build Output Cleanup Cache (C:\Users\Work\IdeaProjects\projectflow\.gradle\buildOutputCleanup)" [_thread_blocked, id=4580, stack(0x0000003335600000,0x0000003335700000)]
  0x00000161ebe31bb0 JavaThread "Build operations" [_thread_blocked, id=11744, stack(0x0000003335700000,0x0000003335800000)]
  0x00000161ebe30d40 JavaThread "Build operations Thread 2" [_thread_blocked, id=1232, stack(0x0000003335800000,0x0000003335900000)]
  0x00000161ebe34bd0 JavaThread "Build operations Thread 3" [_thread_blocked, id=8864, stack(0x0000003335a00000,0x0000003335b00000)]
  0x00000161ebe30870 JavaThread "Build operations Thread 4" [_thread_blocked, id=7080, stack(0x0000003335d00000,0x0000003335e00000)]
  0x00000161ebe350a0 JavaThread "jar transforms Thread 19" [_thread_blocked, id=1956, stack(0x0000003335e00000,0x0000003335f00000)]
  0x00000161ebe31210 JavaThread "jar transforms Thread 20" [_thread_blocked, id=10212, stack(0x0000003335f00000,0x0000003336000000)]
  0x00000161ebe316e0 JavaThread "jar transforms Thread 21" [_thread_blocked, id=8096, stack(0x0000003336000000,0x0000003336100000)]
  0x00000161ebe32080 JavaThread "jar transforms Thread 22" [_thread_blocked, id=8092, stack(0x0000003336100000,0x0000003336200000)]
  0x00000161ebe333c0 JavaThread "jar transforms Thread 23" [_thread_blocked, id=1876, stack(0x0000003336200000,0x0000003336300000)]
  0x00000161e94993f0 JavaThread "jar transforms Thread 24" [_thread_blocked, id=3100, stack(0x0000003336300000,0x0000003336400000)]
  0x00000161e9492540 JavaThread "jar transforms Thread 25" [_thread_blocked, id=2736, stack(0x0000003336400000,0x0000003336500000)]
  0x00000161e9497710 JavaThread "jar transforms Thread 26" [_thread_blocked, id=7940, stack(0x0000003336500000,0x0000003336600000)]
  0x00000161e9494220 JavaThread "jar transforms Thread 27" [_thread_blocked, id=2452, stack(0x0000003336600000,0x0000003336700000)]
  0x00000161e94933b0 JavaThread "jar transforms Thread 28" [_thread_blocked, id=8872, stack(0x0000003336700000,0x0000003336800000)]
  0x00000161e9498f20 JavaThread "jar transforms Thread 29" [_thread_blocked, id=7284, stack(0x0000003336800000,0x0000003336900000)]
  0x00000161e9496d70 JavaThread "jar transforms Thread 30" [_thread_blocked, id=11380, stack(0x0000003336900000,0x0000003336a00000)]
  0x00000161e94946f0 JavaThread "jar transforms Thread 31" [_thread_blocked, id=3260, stack(0x0000003336a00000,0x0000003336b00000)]
  0x00000161e9497240 JavaThread "jar transforms Thread 32" [_thread_blocked, id=4524, stack(0x0000003336b00000,0x0000003336c00000)]
  0x00000161e94963d0 JavaThread "jar transforms Thread 33" [_thread_blocked, id=4948, stack(0x0000003336c00000,0x0000003336d00000)]
  0x00000161e9494bc0 JavaThread "jar transforms Thread 34" [_thread_blocked, id=10368, stack(0x0000003336d00000,0x0000003336e00000)]
  0x00000161e9495090 JavaThread "jar transforms Thread 35" [_thread_blocked, id=4704, stack(0x0000003336e00000,0x0000003336f00000)]
  0x00000161e9495a30 JavaThread "jar transforms Thread 36" [_thread_blocked, id=6764, stack(0x0000003336f00000,0x0000003337000000)]
  0x00000161e9497be0 JavaThread "Execution worker for ':'" [_thread_blocked, id=9008, stack(0x0000003337000000,0x0000003337100000)]
  0x00000161e94980b0 JavaThread "Execution worker for ':' Thread 2" [_thread_blocked, id=5748, stack(0x0000003337100000,0x0000003337200000)]
  0x00000161e9498a50 JavaThread "Execution worker for ':' Thread 3" [_thread_blocked, id=9520, stack(0x0000003337200000,0x0000003337300000)]
  0x00000161e9498580 JavaThread "Cache worker for execution history cache (C:\Users\Work\IdeaProjects\projectflow\.gradle\6.8.3\executionHistory)" [_thread_blocked, id=6792, stack(0x0000003337500000,0x0000003337600000)]
  0x00000161e7841ab0 JavaThread "Cache worker for Java compile cache (C:\Users\Work\IdeaProjects\projectflow\.gradle\6.8.3\javaCompile)" [_thread_blocked, id=2576, stack(0x0000003337600000,0x0000003337700000)]

Other Threads:
  0x00000161e522b6d0 VMThread "VM Thread" [stack: 0x0000003333700000,0x0000003333800000] [id=10620]
  0x00000161e5cb37d0 WatcherThread [stack: 0x0000003334200000,0x0000003334300000] [id=4404]
  0x00000161ca86b8d0 GCTaskThread "GC Thread#0" [stack: 0x0000003333200000,0x0000003333300000] [id=9384]
  0x00000161e602ecc0 GCTaskThread "GC Thread#1" [stack: 0x0000003334300000,0x0000003334400000] [id=11652]
  0x00000161e602f320 GCTaskThread "GC Thread#2" [stack: 0x0000003334400000,0x0000003334500000] [id=11740]
  0x00000161e602e660 GCTaskThread "GC Thread#3" [stack: 0x0000003334500000,0x0000003334600000] [id=8032]
  0x00000161ca870ab0 ConcurrentGCThread "G1 Main Marker" [stack: 0x0000003333300000,0x0000003333400000] [id=10500]
  0x00000161ca871dd0 ConcurrentGCThread "G1 Conc#0" [stack: 0x0000003333400000,0x0000003333500000] [id=2988]
  0x00000161ca90b7a0 ConcurrentGCThread "G1 Refine#0" [stack: 0x0000003333500000,0x0000003333600000] [id=8324]
  0x00000161e84a0c00 ConcurrentGCThread "G1 Refine#1" [stack: 0x0000003335c00000,0x0000003335d00000] [id=6120]
  0x00000161e7fc9830 ConcurrentGCThread "G1 Refine#2" [stack: 0x0000003337400000,0x0000003337500000] [id=9856]
  0x00000161eb95a0e0 ConcurrentGCThread "G1 Refine#3" [stack: 0x0000003337b00000,0x0000003337c00000] [id=1440]
  0x00000161ca90c330 ConcurrentGCThread "G1 Young RemSet Sampling" [stack: 0x0000003333600000,0x0000003333700000] [id=10256]

Threads with active compile tasks:
C2 CompilerThread0   113111 11680       4       jdk.internal.org.objectweb.asm.Frame::execute (2305 bytes)
C1 CompilerThread0   113111 12081   !   2       lombok.javac.JavacAST$Jdk9Plus::<init> (316 bytes)

VM state: not at safepoint (normal execution)

VM Mutex/Monitor currently owned by a thread: None

Heap address: 0x00000000e0000000, size: 512 MB, Compressed Oops mode: 32-bit
CDS archive(s) mapped at: [0x0000000800000000-0x0000000800b50000-0x0000000800b50000), size 11862016, SharedBaseAddress: 0x0000000800000000, ArchiveRelocationMode: 0.
Compressed class space mapped at: 0x0000000800b50000-0x0000000810350000, size: 260046848
Narrow klass base: 0x0000000800000000, Narrow klass shift: 3, Narrow klass range: 0x100000000

GC Precious Log:
 CPUs: 4 total, 4 available
 Memory: 6012M
 Large Page Support: Disabled
 NUMA Support: Disabled
 Compressed Oops: Enabled (32-bit)
 Heap Region Size: 1M
 Heap Min Capacity: 256M
 Heap Initial Capacity: 256M
 Heap Max Capacity: 512M
 Pre-touch: Disabled
 Parallel Workers: 4
 Concurrent Workers: 1
 Concurrent Refinement Workers: 4
 Periodic GC: Disabled

Heap:
 garbage-first heap   total 262144K, used 112668K [0x00000000e0000000, 0x0000000100000000)
  region size 1024K, 23 young (23552K), 3 survivors (3072K)
 Metaspace       used 63221K, capacity 64667K, committed 64944K, reserved 311296K
  class space    used 7950K, capacity 8399K, committed 8448K, reserved 253952K

Heap Regions: E=young(eden), S=young(survivor), O=old, HS=humongous(starts), HC=humongous(continues), CS=collection set, F=free, OA=open archive, CA=closed archive, TAMS=top-at-mark-start (previous, next)
|   0|0x00000000e0000000, 0x00000000e0100000, 0x00000000e0100000|100%| O|  |TAMS 0x00000000e0100000, 0x00000000e0000000| Untracked 
|   1|0x00000000e0100000, 0x00000000e0200000, 0x00000000e0200000|100%| O|  |TAMS 0x00000000e0200000, 0x00000000e0100000| Untracked 
|   2|0x00000000e0200000, 0x00000000e0300000, 0x00000000e0300000|100%| O|  |TAMS 0x00000000e0300000, 0x00000000e0200000| Untracked 
|   3|0x00000000e0300000, 0x00000000e0400000, 0x00000000e0400000|100%|HS|  |TAMS 0x00000000e0400000, 0x00000000e0300000| Complete 
|   4|0x00000000e0400000, 0x00000000e0500000, 0x00000000e0500000|100%|HC|  |TAMS 0x00000000e0500000, 0x00000000e0400000| Complete 
|   5|0x00000000e0500000, 0x00000000e0600000, 0x00000000e0600000|100%|HC|  |TAMS 0x00000000e0600000, 0x00000000e0500000| Complete 
|   6|0x00000000e0600000, 0x00000000e0700000, 0x00000000e0700000|100%| O|  |TAMS 0x00000000e0700000, 0x00000000e0600000| Untracked 
|   7|0x00000000e0700000, 0x00000000e0800000, 0x00000000e0800000|100%| O|  |TAMS 0x00000000e0800000, 0x00000000e0700000| Untracked 
|   8|0x00000000e0800000, 0x00000000e0900000, 0x00000000e0900000|100%| O|  |TAMS 0x00000000e0900000, 0x00000000e0800000| Untracked 
|   9|0x00000000e0900000, 0x00000000e0a00000, 0x00000000e0a00000|100%| O|  |TAMS 0x00000000e0a00000, 0x00000000e0900000| Untracked 
|  10|0x00000000e0a00000, 0x00000000e0b00000, 0x00000000e0b00000|100%| O|  |TAMS 0x00000000e0b00000, 0x00000000e0a00000| Untracked 
|  11|0x00000000e0b00000, 0x00000000e0c00000, 0x00000000e0c00000|100%| O|  |TAMS 0x00000000e0c00000, 0x00000000e0b00000| Untracked 
|  12|0x00000000e0c00000, 0x00000000e0d00000, 0x00000000e0d00000|100%| O|  |TAMS 0x00000000e0d00000, 0x00000000e0c00000| Untracked 
|  13|0x00000000e0d00000, 0x00000000e0e00000, 0x00000000e0e00000|100%| O|  |TAMS 0x00000000e0e00000, 0x00000000e0d00000| Untracked 
|  14|0x00000000e0e00000, 0x00000000e0f00000, 0x00000000e0f00000|100%| O|  |TAMS 0x00000000e0f00000, 0x00000000e0e00000| Untracked 
|  15|0x00000000e0f00000, 0x00000000e1000000, 0x00000000e1000000|100%| O|  |TAMS 0x00000000e1000000, 0x00000000e0f00000| Untracked 
|  16|0x00000000e1000000, 0x00000000e1100000, 0x00000000e1100000|100%| O|  |TAMS 0x00000000e1100000, 0x00000000e1000000| Untracked 
|  17|0x00000000e1100000, 0x00000000e1200000, 0x00000000e1200000|100%| O|  |TAMS 0x00000000e1200000, 0x00000000e1100000| Untracked 
|  18|0x00000000e1200000, 0x00000000e1300000, 0x00000000e1300000|100%| O|  |TAMS 0x00000000e1300000, 0x00000000e1200000| Untracked 
|  19|0x00000000e1300000, 0x00000000e1400000, 0x00000000e1400000|100%| O|  |TAMS 0x00000000e1400000, 0x00000000e1300000| Untracked 
|  20|0x00000000e1400000, 0x00000000e1500000, 0x00000000e1500000|100%| O|  |TAMS 0x00000000e1500000, 0x00000000e1400000| Untracked 
|  21|0x00000000e1500000, 0x00000000e1600000, 0x00000000e1600000|100%| O|  |TAMS 0x00000000e1600000, 0x00000000e1500000| Untracked 
|  22|0x00000000e1600000, 0x00000000e1700000, 0x00000000e1700000|100%| O|  |TAMS 0x00000000e1700000, 0x00000000e1600000| Untracked 
|  23|0x00000000e1700000, 0x00000000e1800000, 0x00000000e1800000|100%| O|  |TAMS 0x00000000e1800000, 0x00000000e1700000| Untracked 
|  24|0x00000000e1800000, 0x00000000e1900000, 0x00000000e1900000|100%| O|  |TAMS 0x00000000e1900000, 0x00000000e1800000| Untracked 
|  25|0x00000000e1900000, 0x00000000e1a00000, 0x00000000e1a00000|100%| O|  |TAMS 0x00000000e1a00000, 0x00000000e1900000| Untracked 
|  26|0x00000000e1a00000, 0x00000000e1b00000, 0x00000000e1b00000|100%| O|  |TAMS 0x00000000e1a00000, 0x00000000e1a00000| Untracked 
|  27|0x00000000e1b00000, 0x00000000e1c00000, 0x00000000e1c00000|100%| O|  |TAMS 0x00000000e1b00000, 0x00000000e1b00000| Untracked 
|  28|0x00000000e1c00000, 0x00000000e1d00000, 0x00000000e1d00000|100%|HS|  |TAMS 0x00000000e1d00000, 0x00000000e1c00000| Complete 
|  29|0x00000000e1d00000, 0x00000000e1e00000, 0x00000000e1e00000|100%| O|  |TAMS 0x00000000e1e00000, 0x00000000e1d00000| Untracked 
|  30|0x00000000e1e00000, 0x00000000e1f00000, 0x00000000e1f00000|100%| O|  |TAMS 0x00000000e1f00000, 0x00000000e1e00000| Untracked 
|  31|0x00000000e1f00000, 0x00000000e2000000, 0x00000000e2000000|100%| O|  |TAMS 0x00000000e2000000, 0x00000000e1f00000| Untracked 
|  32|0x00000000e2000000, 0x00000000e2100000, 0x00000000e2100000|100%| O|  |TAMS 0x00000000e2100000, 0x00000000e2000000| Untracked 
|  33|0x00000000e2100000, 0x00000000e2200000, 0x00000000e2200000|100%| O|  |TAMS 0x00000000e2200000, 0x00000000e2100000| Untracked 
|  34|0x00000000e2200000, 0x00000000e2300000, 0x00000000e2300000|100%| O|  |TAMS 0x00000000e2300000, 0x00000000e2200000| Untracked 
|  35|0x00000000e2300000, 0x00000000e2400000, 0x00000000e2400000|100%| O|  |TAMS 0x00000000e2400000, 0x00000000e2300000| Untracked 
|  36|0x00000000e2400000, 0x00000000e2500000, 0x00000000e2500000|100%| O|  |TAMS 0x00000000e2500000, 0x00000000e2400000| Untracked 
|  37|0x00000000e2500000, 0x00000000e2600000, 0x00000000e2600000|100%| O|  |TAMS 0x00000000e2600000, 0x00000000e2500000| Untracked 
|  38|0x00000000e2600000, 0x00000000e2700000, 0x00000000e2700000|100%| O|  |TAMS 0x00000000e2700000, 0x00000000e2600000| Untracked 
|  39|0x00000000e2700000, 0x00000000e2800000, 0x00000000e2800000|100%| O|  |TAMS 0x00000000e2800000, 0x00000000e2700000| Untracked 
|  40|0x00000000e2800000, 0x00000000e2900000, 0x00000000e2900000|100%| O|  |TAMS 0x00000000e2900000, 0x00000000e2800000| Untracked 
|  41|0x00000000e2900000, 0x00000000e2a00000, 0x00000000e2a00000|100%| O|  |TAMS 0x00000000e2a00000, 0x00000000e2900000| Untracked 
|  42|0x00000000e2a00000, 0x00000000e2b00000, 0x00000000e2b00000|100%| O|  |TAMS 0x00000000e2af8000, 0x00000000e2a00000| Untracked 
|  43|0x00000000e2b00000, 0x00000000e2c00000, 0x00000000e2c00000|100%| O|  |TAMS 0x00000000e2b00000, 0x00000000e2b00000| Untracked 
|  44|0x00000000e2c00000, 0x00000000e2d00000, 0x00000000e2d00000|100%| O|  |TAMS 0x00000000e2c00000, 0x00000000e2c00000| Untracked 
|  45|0x00000000e2d00000, 0x00000000e2e00000, 0x00000000e2e00000|100%| O|  |TAMS 0x00000000e2d00000, 0x00000000e2d00000| Untracked 
|  46|0x00000000e2e00000, 0x00000000e2f00000, 0x00000000e2f00000|100%| O|  |TAMS 0x00000000e2e00000, 0x00000000e2e00000| Untracked 
|  47|0x00000000e2f00000, 0x00000000e3000000, 0x00000000e3000000|100%| O|  |TAMS 0x00000000e2f00000, 0x00000000e2f00000| Untracked 
|  48|0x00000000e3000000, 0x00000000e3100000, 0x00000000e3100000|100%| O|  |TAMS 0x00000000e3000000, 0x00000000e3000000| Untracked 
|  49|0x00000000e3100000, 0x00000000e3200000, 0x00000000e3200000|100%| O|  |TAMS 0x00000000e3100000, 0x00000000e3100000| Untracked 
|  50|0x00000000e3200000, 0x00000000e3300000, 0x00000000e3300000|100%| O|  |TAMS 0x00000000e3200000, 0x00000000e3200000| Untracked 
|  51|0x00000000e3300000, 0x00000000e3400000, 0x00000000e3400000|100%| O|  |TAMS 0x00000000e3300000, 0x00000000e3300000| Untracked 
|  52|0x00000000e3400000, 0x00000000e3500000, 0x00000000e3500000|100%| O|  |TAMS 0x00000000e3400000, 0x00000000e3400000| Untracked 
|  53|0x00000000e3500000, 0x00000000e3600000, 0x00000000e3600000|100%| O|  |TAMS 0x00000000e3500000, 0x00000000e3500000| Untracked 
|  54|0x00000000e3600000, 0x00000000e3700000, 0x00000000e3700000|100%| O|  |TAMS 0x00000000e3600000, 0x00000000e3600000| Untracked 
|  55|0x00000000e3700000, 0x00000000e3800000, 0x00000000e3800000|100%| O|  |TAMS 0x00000000e3700000, 0x00000000e3700000| Untracked 
|  56|0x00000000e3800000, 0x00000000e3900000, 0x00000000e3900000|100%| O|  |TAMS 0x00000000e3800000, 0x00000000e3800000| Untracked 
|  57|0x00000000e3900000, 0x00000000e3a00000, 0x00000000e3a00000|100%| O|  |TAMS 0x00000000e3900000, 0x00000000e3900000| Untracked 
|  58|0x00000000e3a00000, 0x00000000e3b00000, 0x00000000e3b00000|100%| O|  |TAMS 0x00000000e3a00000, 0x00000000e3a00000| Untracked 
|  59|0x00000000e3b00000, 0x00000000e3c00000, 0x00000000e3c00000|100%| O|  |TAMS 0x00000000e3b00000, 0x00000000e3b00000| Untracked 
|  60|0x00000000e3c00000, 0x00000000e3d00000, 0x00000000e3d00000|100%| O|  |TAMS 0x00000000e3c00000, 0x00000000e3c00000| Untracked 
|  61|0x00000000e3d00000, 0x00000000e3e00000, 0x00000000e3e00000|100%| O|  |TAMS 0x00000000e3d00000, 0x00000000e3d00000| Untracked 
|  62|0x00000000e3e00000, 0x00000000e3f00000, 0x00000000e3f00000|100%| O|  |TAMS 0x00000000e3e00000, 0x00000000e3e00000| Untracked 
|  63|0x00000000e3f00000, 0x00000000e4000000, 0x00000000e4000000|100%| O|  |TAMS 0x00000000e3f00000, 0x00000000e3f00000| Untracked 
|  64|0x00000000e4000000, 0x00000000e4100000, 0x00000000e4100000|100%| O|  |TAMS 0x00000000e4000000, 0x00000000e4000000| Untracked 
|  65|0x00000000e4100000, 0x00000000e4200000, 0x00000000e4200000|100%| O|  |TAMS 0x00000000e4100000, 0x00000000e4100000| Untracked 
|  66|0x00000000e4200000, 0x00000000e4300000, 0x00000000e4300000|100%| O|  |TAMS 0x00000000e4200000, 0x00000000e4200000| Untracked 
|  67|0x00000000e4300000, 0x00000000e4400000, 0x00000000e4400000|100%| O|  |TAMS 0x00000000e4300000, 0x00000000e4300000| Untracked 
|  68|0x00000000e4400000, 0x00000000e4500000, 0x00000000e4500000|100%|HS|  |TAMS 0x00000000e4400000, 0x00000000e4400000| Complete 
|  69|0x00000000e4500000, 0x00000000e4600000, 0x00000000e4600000|100%| O|  |TAMS 0x00000000e4500000, 0x00000000e4500000| Untracked 
|  70|0x00000000e4600000, 0x00000000e4700000, 0x00000000e4700000|100%| O|  |TAMS 0x00000000e4600000, 0x00000000e4600000| Untracked 
|  71|0x00000000e4700000, 0x00000000e4800000, 0x00000000e4800000|100%| O|  |TAMS 0x00000000e4700000, 0x00000000e4700000| Untracked 
|  72|0x00000000e4800000, 0x00000000e4900000, 0x00000000e4900000|100%| O|  |TAMS 0x00000000e4800000, 0x00000000e4800000| Untracked 
|  73|0x00000000e4900000, 0x00000000e4a00000, 0x00000000e4a00000|100%| O|  |TAMS 0x00000000e4900000, 0x00000000e4900000| Untracked 
|  74|0x00000000e4a00000, 0x00000000e4b00000, 0x00000000e4b00000|100%| O|  |TAMS 0x00000000e4a00000, 0x00000000e4a00000| Untracked 
|  75|0x00000000e4b00000, 0x00000000e4c00000, 0x00000000e4c00000|100%| O|  |TAMS 0x00000000e4b00000, 0x00000000e4b00000| Untracked 
|  76|0x00000000e4c00000, 0x00000000e4d00000, 0x00000000e4d00000|100%| O|  |TAMS 0x00000000e4c00000, 0x00000000e4c00000| Untracked 
|  77|0x00000000e4d00000, 0x00000000e4e00000, 0x00000000e4e00000|100%| O|  |TAMS 0x00000000e4d00000, 0x00000000e4d00000| Untracked 
|  78|0x00000000e4e00000, 0x00000000e4f00000, 0x00000000e4f00000|100%| O|  |TAMS 0x00000000e4e00000, 0x00000000e4e00000| Untracked 
|  79|0x00000000e4f00000, 0x00000000e5000000, 0x00000000e5000000|100%| O|  |TAMS 0x00000000e4f00000, 0x00000000e4f00000| Untracked 
|  80|0x00000000e5000000, 0x00000000e5100000, 0x00000000e5100000|100%| O|  |TAMS 0x00000000e5000000, 0x00000000e5000000| Untracked 
|  81|0x00000000e5100000, 0x00000000e5200000, 0x00000000e5200000|100%| O|  |TAMS 0x00000000e5100000, 0x00000000e5100000| Untracked 
|  82|0x00000000e5200000, 0x00000000e5300000, 0x00000000e5300000|100%| O|  |TAMS 0x00000000e5200000, 0x00000000e5200000| Untracked 
|  83|0x00000000e5300000, 0x00000000e5400000, 0x00000000e5400000|100%| O|  |TAMS 0x00000000e5300000, 0x00000000e5300000| Untracked 
|  84|0x00000000e5400000, 0x00000000e5500000, 0x00000000e5500000|100%| O|  |TAMS 0x00000000e5400000, 0x00000000e5400000| Untracked 
|  85|0x00000000e5500000, 0x00000000e5600000, 0x00000000e5600000|100%| O|  |TAMS 0x00000000e5500000, 0x00000000e5500000| Untracked 
|  86|0x00000000e5600000, 0x00000000e5700000, 0x00000000e5700000|100%| O|  |TAMS 0x00000000e5600000, 0x00000000e5600000| Untracked 
|  87|0x00000000e5700000, 0x00000000e5800000, 0x00000000e5800000|100%| O|  |TAMS 0x00000000e5700000, 0x00000000e5700000| Untracked 
|  88|0x00000000e5800000, 0x00000000e5887000, 0x00000000e5900000| 52%| O|  |TAMS 0x00000000e5800000, 0x00000000e5800000| Untracked 
|  89|0x00000000e5900000, 0x00000000e5900000, 0x00000000e5a00000|  0%| F|  |TAMS 0x00000000e5900000, 0x00000000e5900000| Untracked 
|  90|0x00000000e5a00000, 0x00000000e5a00000, 0x00000000e5b00000|  0%| F|  |TAMS 0x00000000e5a00000, 0x00000000e5a00000| Untracked 
|  91|0x00000000e5b00000, 0x00000000e5b00000, 0x00000000e5c00000|  0%| F|  |TAMS 0x00000000e5b00000, 0x00000000e5b00000| Untracked 
|  92|0x00000000e5c00000, 0x00000000e5c00000, 0x00000000e5d00000|  0%| F|  |TAMS 0x00000000e5c00000, 0x00000000e5c00000| Untracked 
|  93|0x00000000e5d00000, 0x00000000e5d00000, 0x00000000e5e00000|  0%| F|  |TAMS 0x00000000e5d00000, 0x00000000e5d00000| Untracked 
|  94|0x00000000e5e00000, 0x00000000e5e00000, 0x00000000e5f00000|  0%| F|  |TAMS 0x00000000e5e00000, 0x00000000e5e00000| Untracked 
|  95|0x00000000e5f00000, 0x00000000e5f00000, 0x00000000e6000000|  0%| F|  |TAMS 0x00000000e5f00000, 0x00000000e5f00000| Untracked 
|  96|0x00000000e6000000, 0x00000000e6000000, 0x00000000e6100000|  0%| F|  |TAMS 0x00000000e6000000, 0x00000000e6000000| Untracked 
|  97|0x00000000e6100000, 0x00000000e6100000, 0x00000000e6200000|  0%| F|  |TAMS 0x00000000e6100000, 0x00000000e6100000| Untracked 
|  98|0x00000000e6200000, 0x00000000e6200000, 0x00000000e6300000|  0%| F|  |TAMS 0x00000000e6200000, 0x00000000e6200000| Untracked 
|  99|0x00000000e6300000, 0x00000000e6300000, 0x00000000e6400000|  0%| F|  |TAMS 0x00000000e6300000, 0x00000000e6300000| Untracked 
| 100|0x00000000e6400000, 0x00000000e6400000, 0x00000000e6500000|  0%| F|  |TAMS 0x00000000e6400000, 0x00000000e6400000| Untracked 
| 101|0x00000000e6500000, 0x00000000e6500000, 0x00000000e6600000|  0%| F|  |TAMS 0x00000000e6500000, 0x00000000e6500000| Untracked 
| 102|0x00000000e6600000, 0x00000000e6600000, 0x00000000e6700000|  0%| F|  |TAMS 0x00000000e6600000, 0x00000000e6600000| Untracked 
| 103|0x00000000e6700000, 0x00000000e6700000, 0x00000000e6800000|  0%| F|  |TAMS 0x00000000e6700000, 0x00000000e6700000| Untracked 
| 104|0x00000000e6800000, 0x00000000e6800000, 0x00000000e6900000|  0%| F|  |TAMS 0x00000000e6800000, 0x00000000e6800000| Untracked 
| 105|0x00000000e6900000, 0x00000000e6900000, 0x00000000e6a00000|  0%| F|  |TAMS 0x00000000e6900000, 0x00000000e6900000| Untracked 
| 106|0x00000000e6a00000, 0x00000000e6a00000, 0x00000000e6b00000|  0%| F|  |TAMS 0x00000000e6a00000, 0x00000000e6a00000| Untracked 
| 107|0x00000000e6b00000, 0x00000000e6b00000, 0x00000000e6c00000|  0%| F|  |TAMS 0x00000000e6b00000, 0x00000000e6b00000| Untracked 
| 108|0x00000000e6c00000, 0x00000000e6c00000, 0x00000000e6d00000|  0%| F|  |TAMS 0x00000000e6c00000, 0x00000000e6c00000| Untracked 
| 109|0x00000000e6d00000, 0x00000000e6d00000, 0x00000000e6e00000|  0%| F|  |TAMS 0x00000000e6d00000, 0x00000000e6d00000| Untracked 
| 110|0x00000000e6e00000, 0x00000000e6e00000, 0x00000000e6f00000|  0%| F|  |TAMS 0x00000000e6e00000, 0x00000000e6e00000| Untracked 
| 111|0x00000000e6f00000, 0x00000000e6f00000, 0x00000000e7000000|  0%| F|  |TAMS 0x00000000e6f00000, 0x00000000e6f00000| Untracked 
| 112|0x00000000e7000000, 0x00000000e7000000, 0x00000000e7100000|  0%| F|  |TAMS 0x00000000e7000000, 0x00000000e7000000| Untracked 
| 113|0x00000000e7100000, 0x00000000e7100000, 0x00000000e7200000|  0%| F|  |TAMS 0x00000000e7100000, 0x00000000e7100000| Untracked 
| 114|0x00000000e7200000, 0x00000000e7200000, 0x00000000e7300000|  0%| F|  |TAMS 0x00000000e7200000, 0x00000000e7200000| Untracked 
| 115|0x00000000e7300000, 0x00000000e7300000, 0x00000000e7400000|  0%| F|  |TAMS 0x00000000e7300000, 0x00000000e7300000| Untracked 
| 116|0x00000000e7400000, 0x00000000e7400000, 0x00000000e7500000|  0%| F|  |TAMS 0x00000000e7400000, 0x00000000e7400000| Untracked 
| 117|0x00000000e7500000, 0x00000000e7500000, 0x00000000e7600000|  0%| F|  |TAMS 0x00000000e7500000, 0x00000000e7500000| Untracked 
| 118|0x00000000e7600000, 0x00000000e7600000, 0x00000000e7700000|  0%| F|  |TAMS 0x00000000e7600000, 0x00000000e7600000| Untracked 
| 119|0x00000000e7700000, 0x00000000e7700000, 0x00000000e7800000|  0%| F|  |TAMS 0x00000000e7700000, 0x00000000e7700000| Untracked 
| 120|0x00000000e7800000, 0x00000000e7800000, 0x00000000e7900000|  0%| F|  |TAMS 0x00000000e7800000, 0x00000000e7800000| Untracked 
| 121|0x00000000e7900000, 0x00000000e7900000, 0x00000000e7a00000|  0%| F|  |TAMS 0x00000000e7900000, 0x00000000e7900000| Untracked 
| 122|0x00000000e7a00000, 0x00000000e7a00000, 0x00000000e7b00000|  0%| F|  |TAMS 0x00000000e7a00000, 0x00000000e7a00000| Untracked 
| 123|0x00000000e7b00000, 0x00000000e7b00000, 0x00000000e7c00000|  0%| F|  |TAMS 0x00000000e7b00000, 0x00000000e7b00000| Untracked 
| 124|0x00000000e7c00000, 0x00000000e7c00000, 0x00000000e7d00000|  0%| F|  |TAMS 0x00000000e7c00000, 0x00000000e7c00000| Untracked 
| 125|0x00000000e7d00000, 0x00000000e7d00000, 0x00000000e7e00000|  0%| F|  |TAMS 0x00000000e7d00000, 0x00000000e7d00000| Untracked 
| 126|0x00000000e7e00000, 0x00000000e7e00000, 0x00000000e7f00000|  0%| F|  |TAMS 0x00000000e7e00000, 0x00000000e7e00000| Untracked 
| 127|0x00000000e7f00000, 0x00000000e7f00000, 0x00000000e8000000|  0%| F|  |TAMS 0x00000000e7f00000, 0x00000000e7f00000| Untracked 
| 128|0x00000000e8000000, 0x00000000e8000000, 0x00000000e8100000|  0%| F|  |TAMS 0x00000000e8000000, 0x00000000e8000000| Untracked 
| 129|0x00000000e8100000, 0x00000000e8100000, 0x00000000e8200000|  0%| F|  |TAMS 0x00000000e8100000, 0x00000000e8100000| Untracked 
| 130|0x00000000e8200000, 0x00000000e8200000, 0x00000000e8300000|  0%| F|  |TAMS 0x00000000e8200000, 0x00000000e8200000| Untracked 
| 131|0x00000000e8300000, 0x00000000e8300000, 0x00000000e8400000|  0%| F|  |TAMS 0x00000000e8300000, 0x00000000e8300000| Untracked 
| 132|0x00000000e8400000, 0x00000000e8400000, 0x00000000e8500000|  0%| F|  |TAMS 0x00000000e8400000, 0x00000000e8400000| Untracked 
| 133|0x00000000e8500000, 0x00000000e8500000, 0x00000000e8600000|  0%| F|  |TAMS 0x00000000e8500000, 0x00000000e8500000| Untracked 
| 134|0x00000000e8600000, 0x00000000e8600000, 0x00000000e8700000|  0%| F|  |TAMS 0x00000000e8600000, 0x00000000e8600000| Untracked 
| 135|0x00000000e8700000, 0x00000000e8700000, 0x00000000e8800000|  0%| F|  |TAMS 0x00000000e8700000, 0x00000000e8700000| Untracked 
| 136|0x00000000e8800000, 0x00000000e8800000, 0x00000000e8900000|  0%| F|  |TAMS 0x00000000e8800000, 0x00000000e8800000| Untracked 
| 137|0x00000000e8900000, 0x00000000e8900000, 0x00000000e8a00000|  0%| F|  |TAMS 0x00000000e8900000, 0x00000000e8900000| Untracked 
| 138|0x00000000e8a00000, 0x00000000e8a00000, 0x00000000e8b00000|  0%| F|  |TAMS 0x00000000e8a00000, 0x00000000e8a00000| Untracked 
| 139|0x00000000e8b00000, 0x00000000e8b00000, 0x00000000e8c00000|  0%| F|  |TAMS 0x00000000e8b00000, 0x00000000e8b00000| Untracked 
| 140|0x00000000e8c00000, 0x00000000e8c00000, 0x00000000e8d00000|  0%| F|  |TAMS 0x00000000e8c00000, 0x00000000e8c00000| Untracked 
| 141|0x00000000e8d00000, 0x00000000e8d00000, 0x00000000e8e00000|  0%| F|  |TAMS 0x00000000e8d00000, 0x00000000e8d00000| Untracked 
| 142|0x00000000e8e00000, 0x00000000e8e00000, 0x00000000e8f00000|  0%| F|  |TAMS 0x00000000e8e00000, 0x00000000e8e00000| Untracked 
| 143|0x00000000e8f00000, 0x00000000e8f00000, 0x00000000e9000000|  0%| F|  |TAMS 0x00000000e8f00000, 0x00000000e8f00000| Untracked 
| 144|0x00000000e9000000, 0x00000000e9080000, 0x00000000e9100000| 50%| S|CS|TAMS 0x00000000e9000000, 0x00000000e9000000| Complete 
| 145|0x00000000e9100000, 0x00000000e9200000, 0x00000000e9200000|100%| S|CS|TAMS 0x00000000e9100000, 0x00000000e9100000| Complete 
| 146|0x00000000e9200000, 0x00000000e9300000, 0x00000000e9300000|100%| S|CS|TAMS 0x00000000e9200000, 0x00000000e9200000| Complete 
| 147|0x00000000e9300000, 0x00000000e9300000, 0x00000000e9400000|  0%| F|  |TAMS 0x00000000e9300000, 0x00000000e9300000| Untracked 
| 148|0x00000000e9400000, 0x00000000e9400000, 0x00000000e9500000|  0%| F|  |TAMS 0x00000000e9400000, 0x00000000e9400000| Untracked 
| 149|0x00000000e9500000, 0x00000000e9500000, 0x00000000e9600000|  0%| F|  |TAMS 0x00000000e9500000, 0x00000000e9500000| Untracked 
| 150|0x00000000e9600000, 0x00000000e9600000, 0x00000000e9700000|  0%| F|  |TAMS 0x00000000e9600000, 0x00000000e9600000| Untracked 
| 151|0x00000000e9700000, 0x00000000e9700000, 0x00000000e9800000|  0%| F|  |TAMS 0x00000000e9700000, 0x00000000e9700000| Untracked 
| 152|0x00000000e9800000, 0x00000000e9800000, 0x00000000e9900000|  0%| F|  |TAMS 0x00000000e9800000, 0x00000000e9800000| Untracked 
| 153|0x00000000e9900000, 0x00000000e9900000, 0x00000000e9a00000|  0%| F|  |TAMS 0x00000000e9900000, 0x00000000e9900000| Untracked 
| 154|0x00000000e9a00000, 0x00000000e9a00000, 0x00000000e9b00000|  0%| F|  |TAMS 0x00000000e9a00000, 0x00000000e9a00000| Untracked 
| 155|0x00000000e9b00000, 0x00000000e9b00000, 0x00000000e9c00000|  0%| F|  |TAMS 0x00000000e9b00000, 0x00000000e9b00000| Untracked 
| 156|0x00000000e9c00000, 0x00000000e9c00000, 0x00000000e9d00000|  0%| F|  |TAMS 0x00000000e9c00000, 0x00000000e9c00000| Untracked 
| 157|0x00000000e9d00000, 0x00000000e9d00000, 0x00000000e9e00000|  0%| F|  |TAMS 0x00000000e9d00000, 0x00000000e9d00000| Untracked 
| 158|0x00000000e9e00000, 0x00000000e9e00000, 0x00000000e9f00000|  0%| F|  |TAMS 0x00000000e9e00000, 0x00000000e9e00000| Untracked 
| 159|0x00000000e9f00000, 0x00000000e9f00000, 0x00000000ea000000|  0%| F|  |TAMS 0x00000000e9f00000, 0x00000000e9f00000| Untracked 
| 160|0x00000000ea000000, 0x00000000ea000000, 0x00000000ea100000|  0%| F|  |TAMS 0x00000000ea000000, 0x00000000ea000000| Untracked 
| 161|0x00000000ea100000, 0x00000000ea100000, 0x00000000ea200000|  0%| F|  |TAMS 0x00000000ea100000, 0x00000000ea100000| Untracked 
| 162|0x00000000ea200000, 0x00000000ea200000, 0x00000000ea300000|  0%| F|  |TAMS 0x00000000ea200000, 0x00000000ea200000| Untracked 
| 163|0x00000000ea300000, 0x00000000ea300000, 0x00000000ea400000|  0%| F|  |TAMS 0x00000000ea300000, 0x00000000ea300000| Untracked 
| 164|0x00000000ea400000, 0x00000000ea400000, 0x00000000ea500000|  0%| F|  |TAMS 0x00000000ea400000, 0x00000000ea400000| Untracked 
| 165|0x00000000ea500000, 0x00000000ea500000, 0x00000000ea600000|  0%| F|  |TAMS 0x00000000ea500000, 0x00000000ea500000| Untracked 
| 166|0x00000000ea600000, 0x00000000ea600000, 0x00000000ea700000|  0%| F|  |TAMS 0x00000000ea600000, 0x00000000ea600000| Untracked 
| 167|0x00000000ea700000, 0x00000000ea700000, 0x00000000ea800000|  0%| F|  |TAMS 0x00000000ea700000, 0x00000000ea700000| Untracked 
| 168|0x00000000ea800000, 0x00000000ea800000, 0x00000000ea900000|  0%| F|  |TAMS 0x00000000ea800000, 0x00000000ea800000| Untracked 
| 169|0x00000000ea900000, 0x00000000ea900000, 0x00000000eaa00000|  0%| F|  |TAMS 0x00000000ea900000, 0x00000000ea900000| Untracked 
| 170|0x00000000eaa00000, 0x00000000eaa00000, 0x00000000eab00000|  0%| F|  |TAMS 0x00000000eaa00000, 0x00000000eaa00000| Untracked 
| 171|0x00000000eab00000, 0x00000000eab00000, 0x00000000eac00000|  0%| F|  |TAMS 0x00000000eab00000, 0x00000000eab00000| Untracked 
| 172|0x00000000eac00000, 0x00000000eac00000, 0x00000000ead00000|  0%| F|  |TAMS 0x00000000eac00000, 0x00000000eac00000| Untracked 
| 173|0x00000000ead00000, 0x00000000ead00000, 0x00000000eae00000|  0%| F|  |TAMS 0x00000000ead00000, 0x00000000ead00000| Untracked 
| 174|0x00000000eae00000, 0x00000000eae00000, 0x00000000eaf00000|  0%| F|  |TAMS 0x00000000eae00000, 0x00000000eae00000| Untracked 
| 175|0x00000000eaf00000, 0x00000000eaf00000, 0x00000000eb000000|  0%| F|  |TAMS 0x00000000eaf00000, 0x00000000eaf00000| Untracked 
| 176|0x00000000eb000000, 0x00000000eb000000, 0x00000000eb100000|  0%| F|  |TAMS 0x00000000eb000000, 0x00000000eb000000| Untracked 
| 177|0x00000000eb100000, 0x00000000eb100000, 0x00000000eb200000|  0%| F|  |TAMS 0x00000000eb100000, 0x00000000eb100000| Untracked 
| 178|0x00000000eb200000, 0x00000000eb200000, 0x00000000eb300000|  0%| F|  |TAMS 0x00000000eb200000, 0x00000000eb200000| Untracked 
| 179|0x00000000eb300000, 0x00000000eb300000, 0x00000000eb400000|  0%| F|  |TAMS 0x00000000eb300000, 0x00000000eb300000| Untracked 
| 180|0x00000000eb400000, 0x00000000eb400000, 0x00000000eb500000|  0%| F|  |TAMS 0x00000000eb400000, 0x00000000eb400000| Untracked 
| 181|0x00000000eb500000, 0x00000000eb500000, 0x00000000eb600000|  0%| F|  |TAMS 0x00000000eb500000, 0x00000000eb500000| Untracked 
| 182|0x00000000eb600000, 0x00000000eb600000, 0x00000000eb700000|  0%| F|  |TAMS 0x00000000eb600000, 0x00000000eb600000| Untracked 
| 183|0x00000000eb700000, 0x00000000eb700000, 0x00000000eb800000|  0%| F|  |TAMS 0x00000000eb700000, 0x00000000eb700000| Untracked 
| 184|0x00000000eb800000, 0x00000000eb800000, 0x00000000eb900000|  0%| F|  |TAMS 0x00000000eb800000, 0x00000000eb800000| Untracked 
| 185|0x00000000eb900000, 0x00000000eb900000, 0x00000000eba00000|  0%| F|  |TAMS 0x00000000eb900000, 0x00000000eb900000| Untracked 
| 186|0x00000000eba00000, 0x00000000eba00000, 0x00000000ebb00000|  0%| F|  |TAMS 0x00000000eba00000, 0x00000000eba00000| Untracked 
| 187|0x00000000ebb00000, 0x00000000ebb00000, 0x00000000ebc00000|  0%| F|  |TAMS 0x00000000ebb00000, 0x00000000ebb00000| Untracked 
| 188|0x00000000ebc00000, 0x00000000ebc00000, 0x00000000ebd00000|  0%| F|  |TAMS 0x00000000ebc00000, 0x00000000ebc00000| Untracked 
| 189|0x00000000ebd00000, 0x00000000ebd00000, 0x00000000ebe00000|  0%| F|  |TAMS 0x00000000ebd00000, 0x00000000ebd00000| Untracked 
| 190|0x00000000ebe00000, 0x00000000ebe00000, 0x00000000ebf00000|  0%| F|  |TAMS 0x00000000ebe00000, 0x00000000ebe00000| Untracked 
| 191|0x00000000ebf00000, 0x00000000ebf00000, 0x00000000ec000000|  0%| F|  |TAMS 0x00000000ebf00000, 0x00000000ebf00000| Untracked 
| 192|0x00000000ec000000, 0x00000000ec000000, 0x00000000ec100000|  0%| F|  |TAMS 0x00000000ec000000, 0x00000000ec000000| Untracked 
| 193|0x00000000ec100000, 0x00000000ec100000, 0x00000000ec200000|  0%| F|  |TAMS 0x00000000ec100000, 0x00000000ec100000| Untracked 
| 194|0x00000000ec200000, 0x00000000ec200000, 0x00000000ec300000|  0%| F|  |TAMS 0x00000000ec200000, 0x00000000ec200000| Untracked 
| 195|0x00000000ec300000, 0x00000000ec300000, 0x00000000ec400000|  0%| F|  |TAMS 0x00000000ec300000, 0x00000000ec300000| Untracked 
| 196|0x00000000ec400000, 0x00000000ec400000, 0x00000000ec500000|  0%| F|  |TAMS 0x00000000ec400000, 0x00000000ec400000| Untracked 
| 197|0x00000000ec500000, 0x00000000ec500000, 0x00000000ec600000|  0%| F|  |TAMS 0x00000000ec500000, 0x00000000ec500000| Untracked 
| 198|0x00000000ec600000, 0x00000000ec600000, 0x00000000ec700000|  0%| F|  |TAMS 0x00000000ec600000, 0x00000000ec600000| Untracked 
| 199|0x00000000ec700000, 0x00000000ec700000, 0x00000000ec800000|  0%| F|  |TAMS 0x00000000ec700000, 0x00000000ec700000| Untracked 
| 200|0x00000000ec800000, 0x00000000ec800000, 0x00000000ec900000|  0%| F|  |TAMS 0x00000000ec800000, 0x00000000ec800000| Untracked 
| 201|0x00000000ec900000, 0x00000000ec900000, 0x00000000eca00000|  0%| F|  |TAMS 0x00000000ec900000, 0x00000000ec900000| Untracked 
| 202|0x00000000eca00000, 0x00000000eca00000, 0x00000000ecb00000|  0%| F|  |TAMS 0x00000000eca00000, 0x00000000eca00000| Untracked 
| 203|0x00000000ecb00000, 0x00000000ecb00000, 0x00000000ecc00000|  0%| F|  |TAMS 0x00000000ecb00000, 0x00000000ecb00000| Untracked 
| 204|0x00000000ecc00000, 0x00000000ecc00000, 0x00000000ecd00000|  0%| F|  |TAMS 0x00000000ecc00000, 0x00000000ecc00000| Untracked 
| 205|0x00000000ecd00000, 0x00000000ecd00000, 0x00000000ece00000|  0%| F|  |TAMS 0x00000000ecd00000, 0x00000000ecd00000| Untracked 
| 206|0x00000000ece00000, 0x00000000ece00000, 0x00000000ecf00000|  0%| F|  |TAMS 0x00000000ece00000, 0x00000000ece00000| Untracked 
| 207|0x00000000ecf00000, 0x00000000ecf00000, 0x00000000ed000000|  0%| F|  |TAMS 0x00000000ecf00000, 0x00000000ecf00000| Untracked 
| 208|0x00000000ed000000, 0x00000000ed000000, 0x00000000ed100000|  0%| F|  |TAMS 0x00000000ed000000, 0x00000000ed000000| Untracked 
| 209|0x00000000ed100000, 0x00000000ed100000, 0x00000000ed200000|  0%| F|  |TAMS 0x00000000ed100000, 0x00000000ed100000| Untracked 
| 210|0x00000000ed200000, 0x00000000ed200000, 0x00000000ed300000|  0%| F|  |TAMS 0x00000000ed200000, 0x00000000ed200000| Untracked 
| 211|0x00000000ed300000, 0x00000000ed300000, 0x00000000ed400000|  0%| F|  |TAMS 0x00000000ed300000, 0x00000000ed300000| Untracked 
| 212|0x00000000ed400000, 0x00000000ed400000, 0x00000000ed500000|  0%| F|  |TAMS 0x00000000ed400000, 0x00000000ed400000| Untracked 
| 213|0x00000000ed500000, 0x00000000ed500000, 0x00000000ed600000|  0%| F|  |TAMS 0x00000000ed500000, 0x00000000ed500000| Untracked 
| 214|0x00000000ed600000, 0x00000000ed600000, 0x00000000ed700000|  0%| F|  |TAMS 0x00000000ed600000, 0x00000000ed600000| Untracked 
| 215|0x00000000ed700000, 0x00000000ed700000, 0x00000000ed800000|  0%| F|  |TAMS 0x00000000ed700000, 0x00000000ed700000| Untracked 
| 216|0x00000000ed800000, 0x00000000ed800000, 0x00000000ed900000|  0%| F|  |TAMS 0x00000000ed800000, 0x00000000ed800000| Untracked 
| 217|0x00000000ed900000, 0x00000000ed900000, 0x00000000eda00000|  0%| F|  |TAMS 0x00000000ed900000, 0x00000000ed900000| Untracked 
| 218|0x00000000eda00000, 0x00000000eda00000, 0x00000000edb00000|  0%| F|  |TAMS 0x00000000eda00000, 0x00000000eda00000| Untracked 
| 219|0x00000000edb00000, 0x00000000edb00000, 0x00000000edc00000|  0%| F|  |TAMS 0x00000000edb00000, 0x00000000edb00000| Untracked 
| 220|0x00000000edc00000, 0x00000000edc00000, 0x00000000edd00000|  0%| F|  |TAMS 0x00000000edc00000, 0x00000000edc00000| Untracked 
| 221|0x00000000edd00000, 0x00000000edd00000, 0x00000000ede00000|  0%| F|  |TAMS 0x00000000edd00000, 0x00000000edd00000| Untracked 
| 222|0x00000000ede00000, 0x00000000ede00000, 0x00000000edf00000|  0%| F|  |TAMS 0x00000000ede00000, 0x00000000ede00000| Untracked 
| 223|0x00000000edf00000, 0x00000000edf00000, 0x00000000ee000000|  0%| F|  |TAMS 0x00000000edf00000, 0x00000000edf00000| Untracked 
| 224|0x00000000ee000000, 0x00000000ee000000, 0x00000000ee100000|  0%| F|  |TAMS 0x00000000ee000000, 0x00000000ee000000| Untracked 
| 225|0x00000000ee100000, 0x00000000ee100000, 0x00000000ee200000|  0%| F|  |TAMS 0x00000000ee100000, 0x00000000ee100000| Untracked 
| 226|0x00000000ee200000, 0x00000000ee200000, 0x00000000ee300000|  0%| F|  |TAMS 0x00000000ee200000, 0x00000000ee200000| Untracked 
| 227|0x00000000ee300000, 0x00000000ee300000, 0x00000000ee400000|  0%| F|  |TAMS 0x00000000ee300000, 0x00000000ee300000| Untracked 
| 228|0x00000000ee400000, 0x00000000ee400000, 0x00000000ee500000|  0%| F|  |TAMS 0x00000000ee400000, 0x00000000ee400000| Untracked 
| 229|0x00000000ee500000, 0x00000000ee500000, 0x00000000ee600000|  0%| F|  |TAMS 0x00000000ee500000, 0x00000000ee500000| Untracked 
| 230|0x00000000ee600000, 0x00000000ee600000, 0x00000000ee700000|  0%| F|  |TAMS 0x00000000ee600000, 0x00000000ee600000| Untracked 
| 231|0x00000000ee700000, 0x00000000ee700000, 0x00000000ee800000|  0%| F|  |TAMS 0x00000000ee700000, 0x00000000ee700000| Untracked 
| 232|0x00000000ee800000, 0x00000000ee800000, 0x00000000ee900000|  0%| F|  |TAMS 0x00000000ee800000, 0x00000000ee800000| Untracked 
| 233|0x00000000ee900000, 0x00000000ee900000, 0x00000000eea00000|  0%| F|  |TAMS 0x00000000ee900000, 0x00000000ee900000| Untracked 
| 234|0x00000000eea00000, 0x00000000eea00000, 0x00000000eeb00000|  0%| F|  |TAMS 0x00000000eea00000, 0x00000000eea00000| Untracked 
| 235|0x00000000eeb00000, 0x00000000eeb80800, 0x00000000eec00000| 50%| E|  |TAMS 0x00000000eeb00000, 0x00000000eeb00000| Complete 
| 236|0x00000000eec00000, 0x00000000eed00000, 0x00000000eed00000|100%| E|CS|TAMS 0x00000000eec00000, 0x00000000eec00000| Complete 
| 237|0x00000000eed00000, 0x00000000eee00000, 0x00000000eee00000|100%| E|CS|TAMS 0x00000000eed00000, 0x00000000eed00000| Complete 
| 238|0x00000000eee00000, 0x00000000eef00000, 0x00000000eef00000|100%| E|CS|TAMS 0x00000000eee00000, 0x00000000eee00000| Complete 
| 239|0x00000000eef00000, 0x00000000ef000000, 0x00000000ef000000|100%| E|CS|TAMS 0x00000000eef00000, 0x00000000eef00000| Complete 
| 240|0x00000000ef000000, 0x00000000ef100000, 0x00000000ef100000|100%| E|CS|TAMS 0x00000000ef000000, 0x00000000ef000000| Complete 
| 241|0x00000000ef100000, 0x00000000ef200000, 0x00000000ef200000|100%| E|CS|TAMS 0x00000000ef100000, 0x00000000ef100000| Complete 
| 242|0x00000000ef200000, 0x00000000ef300000, 0x00000000ef300000|100%| E|CS|TAMS 0x00000000ef200000, 0x00000000ef200000| Complete 
| 243|0x00000000ef300000, 0x00000000ef400000, 0x00000000ef400000|100%| E|CS|TAMS 0x00000000ef300000, 0x00000000ef300000| Complete 
| 244|0x00000000ef400000, 0x00000000ef500000, 0x00000000ef500000|100%| E|CS|TAMS 0x00000000ef400000, 0x00000000ef400000| Complete 
| 245|0x00000000ef500000, 0x00000000ef600000, 0x00000000ef600000|100%| E|CS|TAMS 0x00000000ef500000, 0x00000000ef500000| Complete 
| 246|0x00000000ef600000, 0x00000000ef700000, 0x00000000ef700000|100%| E|CS|TAMS 0x00000000ef600000, 0x00000000ef600000| Complete 
| 247|0x00000000ef700000, 0x00000000ef800000, 0x00000000ef800000|100%| E|CS|TAMS 0x00000000ef700000, 0x00000000ef700000| Complete 
| 248|0x00000000ef800000, 0x00000000ef900000, 0x00000000ef900000|100%| E|CS|TAMS 0x00000000ef800000, 0x00000000ef800000| Complete 
| 249|0x00000000ef900000, 0x00000000efa00000, 0x00000000efa00000|100%| E|CS|TAMS 0x00000000ef900000, 0x00000000ef900000| Complete 
| 250|0x00000000efa00000, 0x00000000efb00000, 0x00000000efb00000|100%| E|CS|TAMS 0x00000000efa00000, 0x00000000efa00000| Complete 
| 251|0x00000000efb00000, 0x00000000efc00000, 0x00000000efc00000|100%| E|CS|TAMS 0x00000000efb00000, 0x00000000efb00000| Complete 
| 252|0x00000000efc00000, 0x00000000efd00000, 0x00000000efd00000|100%| E|CS|TAMS 0x00000000efc00000, 0x00000000efc00000| Complete 
| 253|0x00000000efd00000, 0x00000000efe00000, 0x00000000efe00000|100%| E|CS|TAMS 0x00000000efd00000, 0x00000000efd00000| Complete 
| 254|0x00000000efe00000, 0x00000000eff00000, 0x00000000eff00000|100%| E|CS|TAMS 0x00000000efe00000, 0x00000000efe00000| Complete 
| 255|0x00000000eff00000, 0x00000000f0000000, 0x00000000f0000000|100%| E|CS|TAMS 0x00000000eff00000, 0x00000000eff00000| Complete 

Card table byte_map: [0x00000161e1a70000,0x00000161e1b70000] _byte_map_base: 0x00000161e1370000

Marking Bits (Prev, Next): (CMBitMap*) 0x00000161ca86c090, (CMBitMap*) 0x00000161ca86c050
 Prev Bits: [0x00000161e2470000, 0x00000161e2c70000)
 Next Bits: [0x00000161e1c70000, 0x00000161e2470000)

Polling page: 0x00000161ca010000

Metaspace:

Usage:
  Non-class:     54.95 MB capacity,    53.98 MB ( 98%) used,   891.58 KB (  2%) free+waste,   104.63 KB ( <1%) overhead. 
      Class:      8.20 MB capacity,     7.76 MB ( 95%) used,   406.06 KB (  5%) free+waste,    42.88 KB ( <1%) overhead. 
       Both:     63.15 MB capacity,    61.74 MB ( 98%) used,     1.27 MB (  2%) free+waste,   147.50 KB ( <1%) overhead. 

Virtual space:
  Non-class space:       56.00 MB reserved,      55.17 MB ( 99%) committed 
      Class space:      248.00 MB reserved,       8.25 MB (  3%) committed 
             Both:      304.00 MB reserved,      63.42 MB ( 21%) committed 

Chunk freelists:
   Non-Class:  36.00 KB
       Class:  17.00 KB
        Both:  53.00 KB

MaxMetaspaceSize: 256.00 MB
CompressedClassSpaceSize: 248.00 MB

CodeHeap 'non-profiled nmethods': size=120000Kb used=5086Kb max_used=5086Kb free=114914Kb
 bounds [0x00000161da540000, 0x00000161daa40000, 0x00000161e1a70000]
CodeHeap 'profiled nmethods': size=120000Kb used=22604Kb max_used=22604Kb free=97395Kb
 bounds [0x00000161d3010000, 0x00000161d4630000, 0x00000161da540000]
CodeHeap 'non-nmethods': size=5760Kb used=2364Kb max_used=2458Kb free=3395Kb
 bounds [0x00000161d2a70000, 0x00000161d2cf0000, 0x00000161d3010000]
 total_blobs=11980 nmethods=11127 adapters=764
 compilation: enabled
              stopped_count=0, restarted_count=0
 full_count=0

Compilation events (20 events):
Event: 113.036 Thread 0x00000161e525b020 nmethod 12026 0x00000161d4603090 code [0x00000161d46032a0, 0x00000161d46037c8]
Event: 113.036 Thread 0x00000161e525b020 12024       2       com.sun.tools.javac.code.Types::closure (153 bytes)
Event: 113.038 Thread 0x00000161e525b020 nmethod 12024 0x00000161d4603b10 code [0x00000161d4603da0, 0x00000161d4604698]
Event: 113.038 Thread 0x00000161e525b020 12027       2       com.sun.tools.javac.comp.Resolve$MethodResolutionContext::addApplicableCandidate (35 bytes)
Event: 113.038 Thread 0x00000161e525b020 nmethod 12027 0x00000161d4604b90 code [0x00000161d4604d60, 0x00000161d4605228]
Event: 113.038 Thread 0x00000161e525b020 12025       2       com.sun.tools.javac.code.Types::union (134 bytes)
Event: 113.039 Thread 0x00000161e525b020 nmethod 12025 0x00000161d4605390 code [0x00000161d46055c0, 0x00000161d4605e68]
Event: 113.039 Thread 0x00000161e525b020 12029       2       com.sun.tools.javac.comp.Annotate::getAnnotationPrimitiveValue (94 bytes)
Event: 113.040 Thread 0x00000161e525b020 nmethod 12029 0x00000161d4606190 code [0x00000161d46063c0, 0x00000161d4606978]
Event: 113.040 Thread 0x00000161e525b020 12028       2       com.sun.tools.javac.code.SymbolMetadata::setDeclarationAttributes (40 bytes)
Event: 113.041 Thread 0x00000161e525b020 nmethod 12028 0x00000161d4606c10 code [0x00000161d4606de0, 0x00000161d4607138]
Event: 113.041 Thread 0x00000161e525b020 12021       1       com.sun.tools.javac.util.ListBuffer::length (5 bytes)
Event: 113.041 Thread 0x00000161e525b020 nmethod 12021 0x00000161daa36f10 code [0x00000161daa370a0, 0x00000161daa37158]
Event: 113.044 Thread 0x00000161e525b020 12030   !   2       com.sun.tools.javac.comp.Resolve::lookupMethod (174 bytes)
Event: 113.045 Thread 0x00000161e525b020 nmethod 12030 0x00000161d4607290 code [0x00000161d46074c0, 0x00000161d4607c48]
Event: 113.045 Thread 0x00000161e525b020 12031       2       com.sun.tools.javac.comp.Resolve$BasicLookupHelper::lookup (38 bytes)
Event: 113.045 Thread 0x00000161e525b020 nmethod 12031 0x00000161d4608210 code [0x00000161d46083e0, 0x00000161d46085a8]
Event: 113.045 Thread 0x00000161e525b020 12032       2       com.sun.tools.javac.comp.Resolve$BasicLookupHelper::debug (26 bytes)
Event: 113.045 Thread 0x00000161e525b020 nmethod 12032 0x00000161d4608710 code [0x00000161d46088a0, 0x00000161d46089c8]
Event: 113.045 Thread 0x00000161e525b020 12033       2       com.sun.tools.javac.comp.Resolve::reportVerboseResolutionDiagnostic (481 bytes)

GC Heap History (20 events):
Event: 2.981 GC heap before
{Heap before GC invocations=2 (full 0):
 garbage-first heap   total 262144K, used 31501K [0x00000000e0000000, 0x0000000100000000)
  region size 1024K, 25 young (25600K), 2 survivors (2048K)
 Metaspace       used 4143K, capacity 6607K, committed 6656K, reserved 262144K
  class space    used 493K, capacity 729K, committed 768K, reserved 253952K
}
Event: 2.984 GC heap after
{Heap after GC invocations=3 (full 0):
 garbage-first heap   total 262144K, used 11825K [0x00000000e0000000, 0x0000000100000000)
  region size 1024K, 4 young (4096K), 4 survivors (4096K)
 Metaspace       used 4143K, capacity 6607K, committed 6656K, reserved 262144K
  class space    used 493K, capacity 729K, committed 768K, reserved 253952K
}
Event: 9.495 GC heap before
{Heap before GC invocations=3 (full 0):
 garbage-first heap   total 262144K, used 105009K [0x00000000e0000000, 0x0000000100000000)
  region size 1024K, 96 young (98304K), 4 survivors (4096K)
 Metaspace       used 20657K, capacity 21103K, committed 21296K, reserved 272384K
  class space    used 2967K, capacity 3112K, committed 3200K, reserved 253952K
}
Event: 9.509 GC heap after
{Heap after GC invocations=4 (full 0):
 garbage-first heap   total 262144K, used 18959K [0x00000000e0000000, 0x0000000100000000)
  region size 1024K, 11 young (11264K), 11 survivors (11264K)
 Metaspace       used 20657K, capacity 21103K, committed 21296K, reserved 272384K
  class space    used 2967K, capacity 3112K, committed 3200K, reserved 253952K
}
Event: 13.183 GC heap before
{Heap before GC invocations=5 (full 0):
 garbage-first heap   total 262144K, used 104975K [0x00000000e0000000, 0x0000000100000000)
  region size 1024K, 93 young (95232K), 11 survivors (11264K)
 Metaspace       used 35137K, capacity 35734K, committed 35888K, reserved 286720K
  class space    used 4674K, capacity 4865K, committed 4992K, reserved 253952K
}
Event: 13.205 GC heap after
{Heap after GC invocations=6 (full 0):
 garbage-first heap   total 262144K, used 26395K [0x00000000e0000000, 0x0000000100000000)
  region size 1024K, 8 young (8192K), 8 survivors (8192K)
 Metaspace       used 35137K, capacity 35734K, committed 35888K, reserved 286720K
  class space    used 4674K, capacity 4865K, committed 4992K, reserved 253952K
}
Event: 16.625 GC heap before
{Heap before GC invocations=7 (full 0):
 garbage-first heap   total 262144K, used 130843K [0x00000000e0000000, 0x0000000100000000)
  region size 1024K, 110 young (112640K), 8 survivors (8192K)
 Metaspace       used 43611K, capacity 44563K, committed 44848K, reserved 292864K
  class space    used 5920K, capacity 6227K, committed 6272K, reserved 253952K
}
Event: 16.647 GC heap after
{Heap after GC invocations=8 (full 0):
 garbage-first heap   total 262144K, used 36937K [0x00000000e0000000, 0x0000000100000000)
  region size 1024K, 11 young (11264K), 11 survivors (11264K)
 Metaspace       used 43611K, capacity 44563K, committed 44848K, reserved 292864K
  class space    used 5920K, capacity 6227K, committed 6272K, reserved 253952K
}
Event: 20.906 GC heap before
{Heap before GC invocations=8 (full 0):
 garbage-first heap   total 262144K, used 181321K [0x00000000e0000000, 0x0000000100000000)
  region size 1024K, 153 young (156672K), 11 survivors (11264K)
 Metaspace       used 47699K, capacity 48713K, committed 48816K, reserved 296960K
  class space    used 6312K, capacity 6613K, committed 6656K, reserved 253952K
}
Event: 20.930 GC heap after
{Heap after GC invocations=9 (full 0):
 garbage-first heap   total 262144K, used 43751K [0x00000000e0000000, 0x0000000100000000)
  region size 1024K, 17 young (17408K), 17 survivors (17408K)
 Metaspace       used 47699K, capacity 48713K, committed 48816K, reserved 296960K
  class space    used 6312K, capacity 6613K, committed 6656K, reserved 253952K
}
Event: 24.060 GC heap before
{Heap before GC invocations=9 (full 0):
 garbage-first heap   total 262144K, used 185063K [0x00000000e0000000, 0x0000000100000000)
  region size 1024K, 153 young (156672K), 17 survivors (17408K)
 Metaspace       used 56391K, capacity 57489K, committed 57648K, reserved 305152K
  class space    used 7384K, capacity 7760K, committed 7808K, reserved 253952K
}
Event: 24.117 GC heap after
{Heap after GC invocations=10 (full 0):
 garbage-first heap   total 262144K, used 62432K [0x00000000e0000000, 0x0000000100000000)
  region size 1024K, 20 young (20480K), 20 survivors (20480K)
 Metaspace       used 56391K, capacity 57489K, committed 57648K, reserved 305152K
  class space    used 7384K, capacity 7760K, committed 7808K, reserved 253952K
}
Event: 106.663 GC heap before
{Heap before GC invocations=10 (full 0):
 garbage-first heap   total 262144K, used 160736K [0x00000000e0000000, 0x0000000100000000)
  region size 1024K, 118 young (120832K), 20 survivors (20480K)
 Metaspace       used 58843K, capacity 60072K, committed 60208K, reserved 307200K
  class space    used 7615K, capacity 7990K, committed 8064K, reserved 253952K
}
Event: 106.698 GC heap after
{Heap after GC invocations=11 (full 0):
 garbage-first heap   total 262144K, used 72704K [0x00000000e0000000, 0x0000000100000000)
  region size 1024K, 11 young (11264K), 11 survivors (11264K)
 Metaspace       used 58843K, capacity 60072K, committed 60208K, reserved 307200K
  class space    used 7615K, capacity 7990K, committed 8064K, reserved 253952K
}
Event: 108.300 GC heap before
{Heap before GC invocations=12 (full 0):
 garbage-first heap   total 262144K, used 198656K [0x00000000e0000000, 0x0000000100000000)
  region size 1024K, 134 young (137216K), 11 survivors (11264K)
 Metaspace       used 59246K, capacity 60498K, committed 60720K, reserved 307200K
  class space    used 7625K, capacity 8025K, committed 8064K, reserved 253952K
}
Event: 108.313 GC heap after
{Heap after GC invocations=13 (full 0):
 garbage-first heap   total 262144K, used 74240K [0x00000000e0000000, 0x0000000100000000)
  region size 1024K, 5 young (5120K), 5 survivors (5120K)
 Metaspace       used 59246K, capacity 60498K, committed 60720K, reserved 307200K
  class space    used 7625K, capacity 8025K, committed 8064K, reserved 253952K
}
Event: 110.001 GC heap before
{Heap before GC invocations=13 (full 0):
 garbage-first heap   total 262144K, used 203264K [0x00000000e0000000, 0x0000000100000000)
  region size 1024K, 131 young (134144K), 5 survivors (5120K)
 Metaspace       used 60771K, capacity 62142K, committed 62384K, reserved 309248K
  class space    used 7722K, capacity 8142K, committed 8192K, reserved 253952K
}
Event: 110.025 GC heap after
{Heap after GC invocations=14 (full 0):
 garbage-first heap   total 262144K, used 89984K [0x00000000e0000000, 0x0000000100000000)
  region size 1024K, 17 young (17408K), 17 survivors (17408K)
 Metaspace       used 60771K, capacity 62142K, committed 62384K, reserved 309248K
  class space    used 7722K, capacity 8142K, committed 8192K, reserved 253952K
}
Event: 112.656 GC heap before
{Heap before GC invocations=14 (full 0):
 garbage-first heap   total 262144K, used 200576K [0x00000000e0000000, 0x0000000100000000)
  region size 1024K, 126 young (129024K), 17 survivors (17408K)
 Metaspace       used 62951K, capacity 64378K, committed 64688K, reserved 311296K
  class space    used 7947K, capacity 8367K, committed 8448K, reserved 253952K
}
Event: 112.679 GC heap after
{Heap after GC invocations=15 (full 0):
 garbage-first heap   total 262144K, used 93212K [0x00000000e0000000, 0x0000000100000000)
  region size 1024K, 3 young (3072K), 3 survivors (3072K)
 Metaspace       used 62951K, capacity 64378K, committed 64688K, reserved 311296K
  class space    used 7947K, capacity 8367K, committed 8448K, reserved 253952K
}

Deoptimization events (20 events):
Event: 111.996 Thread 0x00000161ebe2fa00 DEOPT PACKING pc=0x00000161da8fbc80 sp=0x0000003334bf47c0
Event: 111.996 Thread 0x00000161ebe2fa00 DEOPT UNPACKING pc=0x00000161d2abe42f sp=0x0000003334bf46a8 mode 2
Event: 112.006 Thread 0x00000161ebe2fa00 Uncommon trap: trap_request=0xfffffff6 fr.pc=0x00000161da7d44b4 relative=0x0000000000000314
Event: 112.006 Thread 0x00000161ebe2fa00 Uncommon trap: reason=null_check action=maybe_recompile pc=0x00000161da7d44b4 method=java.util.regex.Matcher.getTextLength()I @ 4 c2
Event: 112.006 Thread 0x00000161ebe2fa00 DEOPT PACKING pc=0x00000161da7d44b4 sp=0x0000003334bf4770
Event: 112.006 Thread 0x00000161ebe2fa00 DEOPT UNPACKING pc=0x00000161d2abe42f sp=0x0000003334bf46a0 mode 2
Event: 112.299 Thread 0x00000161ebe2fa00 Uncommon trap: trap_request=0xffffff45 fr.pc=0x00000161da9f2434 relative=0x0000000000000114
Event: 112.299 Thread 0x00000161ebe2fa00 Uncommon trap: reason=unstable_if action=reinterpret pc=0x00000161da9f2434 method=java.util.ArrayList.indexOfRange(Ljava/lang/Object;II)I @ 7 c2
Event: 112.299 Thread 0x00000161ebe2fa00 DEOPT PACKING pc=0x00000161da9f2434 sp=0x0000003334bf4c00
Event: 112.299 Thread 0x00000161ebe2fa00 DEOPT UNPACKING pc=0x00000161d2abe42f sp=0x0000003334bf4ab0 mode 2
Event: 112.299 Thread 0x00000161ebe2fa00 Uncommon trap: trap_request=0xffffff45 fr.pc=0x00000161da80521c relative=0x00000000000000fc
Event: 112.299 Thread 0x00000161ebe2fa00 Uncommon trap: reason=unstable_if action=reinterpret pc=0x00000161da80521c method=java.util.ArrayList.indexOfRange(Ljava/lang/Object;II)I @ 7 c2
Event: 112.299 Thread 0x00000161ebe2fa00 DEOPT PACKING pc=0x00000161da80521c sp=0x0000003334bf4b30
Event: 112.299 Thread 0x00000161ebe2fa00 DEOPT UNPACKING pc=0x00000161d2abe42f sp=0x0000003334bf4ab0 mode 2
Event: 112.651 Thread 0x00000161ebe2fa00 DEOPT PACKING pc=0x00000161d457fc3c sp=0x0000003334bf4740
Event: 112.651 Thread 0x00000161ebe2fa00 DEOPT UNPACKING pc=0x00000161d2abe23f sp=0x0000003334bf3c50 mode 0
Event: 112.814 Thread 0x00000161ebe2fa00 Uncommon trap: trap_request=0xffffff45 fr.pc=0x00000161da995b68 relative=0x0000000000000148
Event: 112.814 Thread 0x00000161ebe2fa00 Uncommon trap: reason=unstable_if action=reinterpret pc=0x00000161da995b68 method=com.sun.tools.javac.parser.JavaTokenizer.readToken()Lcom/sun/tools/javac/parser/Tokens$Token; @ 39 c2
Event: 112.814 Thread 0x00000161ebe2fa00 DEOPT PACKING pc=0x00000161da995b68 sp=0x0000003334bf52e0
Event: 112.814 Thread 0x00000161ebe2fa00 DEOPT UNPACKING pc=0x00000161d2abe42f sp=0x0000003334bf5298 mode 2

Classes unloaded (0 events):
No events

Classes redefined (0 events):
No events

Internal exceptions (20 events):
Event: 110.051 Thread 0x00000161ebe2fa00 Exception <a 'sun/nio/fs/WindowsException'{0x00000000efe2f338}> (0x00000000efe2f338) 
thrown [./open/src/hotspot/share/prims/jni.cpp, line 578]
Event: 110.114 Thread 0x00000161ebe2fa00 Exception <a 'sun/nio/fs/WindowsException'{0x00000000efd60168}> (0x00000000efd60168) 
thrown [./open/src/hotspot/share/prims/jni.cpp, line 578]
Event: 110.114 Thread 0x00000161ebe2fa00 Exception <a 'sun/nio/fs/WindowsException'{0x00000000efd61fc0}> (0x00000000efd61fc0) 
thrown [./open/src/hotspot/share/prims/jni.cpp, line 578]
Event: 110.139 Thread 0x00000161ebe2fa00 Exception <a 'sun/nio/fs/WindowsException'{0x00000000efde9da8}> (0x00000000efde9da8) 
thrown [./open/src/hotspot/share/prims/jni.cpp, line 578]
Event: 110.180 Thread 0x00000161ebe2fa00 Exception <a 'sun/nio/fs/WindowsException'{0x00000000efc8d2b8}> (0x00000000efc8d2b8) 
thrown [./open/src/hotspot/share/prims/jni.cpp, line 578]
Event: 110.216 Thread 0x00000161ebe2fa00 Exception <a 'sun/nio/fs/WindowsException'{0x00000000efb86128}> (0x00000000efb86128) 
thrown [./open/src/hotspot/share/prims/jni.cpp, line 578]
Event: 110.242 Thread 0x00000161ebe2fa00 Exception <a 'sun/nio/fs/WindowsException'{0x00000000efa23550}> (0x00000000efa23550) 
thrown [./open/src/hotspot/share/prims/jni.cpp, line 578]
Event: 110.304 Thread 0x00000161ebe2fa00 Exception <a 'sun/nio/fs/WindowsException'{0x00000000efaa6998}> (0x00000000efaa6998) 
thrown [./open/src/hotspot/share/prims/jni.cpp, line 578]
Event: 110.329 Thread 0x00000161ebe2fa00 Exception <a 'sun/nio/fs/WindowsException'{0x00000000ef94bf18}> (0x00000000ef94bf18) 
thrown [./open/src/hotspot/share/prims/jni.cpp, line 578]
Event: 111.986 Thread 0x00000161ebe2fa00 Implicit null exception at 0x00000161da8fa860 to 0x00000161da8fabd4
Event: 111.992 Thread 0x00000161ebe2fa00 Implicit null exception at 0x00000161da8fa860 to 0x00000161da8fabd4
Event: 111.995 Thread 0x00000161ebe2fa00 Implicit null exception at 0x00000161da8fa860 to 0x00000161da8fabd4
Event: 111.996 Thread 0x00000161ebe2fa00 Implicit null exception at 0x00000161da8fb771 to 0x00000161da8fbc70
Event: 112.006 Thread 0x00000161ebe2fa00 Implicit null exception at 0x00000161da7d4368 to 0x00000161da7d44a4
Event: 112.012 Thread 0x00000161ebe2fa00 Implicit null exception at 0x00000161d33ca517 to 0x00000161d33ca5fd
Event: 112.012 Thread 0x00000161ebe2fa00 Exception <a 'java/lang/NullPointerException'{0x00000000eceb72c0}> (0x00000000eceb72c0) 
thrown [./open/src/hotspot/share/runtime/sharedRuntime.cpp, line 585]
Event: 112.014 Thread 0x00000161ebe2fa00 Implicit null exception at 0x00000161d33ca517 to 0x00000161d33ca5fd
Event: 112.014 Thread 0x00000161ebe2fa00 Exception <a 'java/lang/NullPointerException'{0x00000000eced9968}> (0x00000000eced9968) 
thrown [./open/src/hotspot/share/runtime/sharedRuntime.cpp, line 585]
Event: 112.854 Thread 0x00000161ebe2fa00 Exception <a 'sun/nio/fs/WindowsException'{0x00000000ef5bf558}> (0x00000000ef5bf558) 
thrown [./open/src/hotspot/share/prims/jni.cpp, line 578]
Event: 112.855 Thread 0x00000161ebe2fa00 Exception <a 'sun/nio/fs/WindowsException'{0x00000000ef5bf870}> (0x00000000ef5bf870) 
thrown [./open/src/hotspot/share/prims/jni.cpp, line 578]

Events (20 events):
Event: 110.915 loading class java/io/PushbackInputStream
Event: 110.915 loading class java/io/PushbackInputStream done
Event: 111.273 loading class java/util/Collections$UnmodifiableSortedSet
Event: 111.274 loading class java/util/Collections$UnmodifiableSortedSet done
Event: 111.436 loading class java/util/IdentityHashMap$EntrySet
Event: 111.437 loading class java/util/IdentityHashMap$EntrySet done
Event: 111.437 loading class java/util/IdentityHashMap$EntryIterator
Event: 111.437 loading class java/util/IdentityHashMap$EntryIterator done
Event: 111.437 loading class java/util/IdentityHashMap$EntryIterator$Entry
Event: 111.437 loading class java/util/IdentityHashMap$EntryIterator$Entry done
Event: 111.511 loading class sun/reflect/generics/repository/FieldRepository
Event: 111.512 loading class sun/reflect/generics/repository/FieldRepository done
Event: 111.907 loading class java/util/regex/Pattern$SliceI
Event: 111.907 loading class java/util/regex/Pattern$SliceI done
Event: 111.958 Executing VM operation: ICBufferFull
Event: 111.959 Executing VM operation: ICBufferFull done
Event: 112.655 Executing VM operation: G1CollectForAllocation
Event: 112.679 Executing VM operation: G1CollectForAllocation done
Event: 113.013 Executing VM operation: ICBufferFull
Event: 113.013 Executing VM operation: ICBufferFull done


Dynamic libraries:
0x00007ff6695a0000 - 0x00007ff6695af000 	C:\Program Files\Java\jdk-15\bin\java.exe
0x00007ffcf0e40000 - 0x00007ffcf1030000 	C:\WINDOWS\SYSTEM32\ntdll.dll
0x00007ffcef590000 - 0x00007ffcef642000 	C:\WINDOWS\System32\KERNEL32.DLL
0x00007ffcee900000 - 0x00007ffceeba5000 	C:\WINDOWS\System32\KERNELBASE.dll
0x00007ffcee800000 - 0x00007ffcee8fa000 	C:\WINDOWS\System32\ucrtbase.dll
0x00007ffce8720000 - 0x00007ffce8738000 	C:\Program Files\Java\jdk-15\bin\jli.dll
0x00007ffcea550000 - 0x00007ffcea569000 	C:\Program Files\Java\jdk-15\bin\VCRUNTIME140.dll
0x00007ffceff70000 - 0x00007ffcf0013000 	C:\WINDOWS\System32\ADVAPI32.dll
0x00007ffcf0d30000 - 0x00007ffcf0dce000 	C:\WINDOWS\System32\msvcrt.dll
0x00007ffceef50000 - 0x00007ffceefe7000 	C:\WINDOWS\System32\sechost.dll
0x00007ffcf0c10000 - 0x00007ffcf0d30000 	C:\WINDOWS\System32\RPCRT4.dll
0x00007ffcefc70000 - 0x00007ffcefe05000 	C:\WINDOWS\System32\USER32.dll
0x00007ffcee5b0000 - 0x00007ffcee5d1000 	C:\WINDOWS\System32\win32u.dll
0x00007ffceeff0000 - 0x00007ffcef016000 	C:\WINDOWS\System32\GDI32.dll
0x00007ffceebb0000 - 0x00007ffceed46000 	C:\WINDOWS\System32\gdi32full.dll
0x00007ffcee5e0000 - 0x00007ffcee67e000 	C:\WINDOWS\System32\msvcp_win.dll
0x00007ffcdcf90000 - 0x00007ffcdd214000 	C:\WINDOWS\WinSxS\amd64_microsoft.windows.common-controls_6595b64144ccf1df_6.0.18362.1082_none_9e8193e1e45b25c1\COMCTL32.dll
0x00007ffce64e0000 - 0x00007ffce64ea000 	C:\WINDOWS\SYSTEM32\VERSION.dll
0x00007ffcef930000 - 0x00007ffcefc65000 	C:\WINDOWS\System32\combase.dll
0x00007ffcee780000 - 0x00007ffcee800000 	C:\WINDOWS\System32\bcryptPrimitives.dll
0x00007ffcf0dd0000 - 0x00007ffcf0dfe000 	C:\WINDOWS\System32\IMM32.DLL
0x00007ffce6240000 - 0x00007ffce624c000 	C:\Program Files\Java\jdk-15\bin\vcruntime140_1.dll
0x00007ffce5670000 - 0x00007ffce5701000 	C:\Program Files\Java\jdk-15\bin\msvcp140.dll
0x00007ffc9c8e0000 - 0x00007ffc9d43c000 	C:\Program Files\Java\jdk-15\bin\server\jvm.dll
0x00007ffcef020000 - 0x00007ffcef028000 	C:\WINDOWS\System32\PSAPI.DLL
0x00007ffcd6690000 - 0x00007ffcd6699000 	C:\WINDOWS\SYSTEM32\WSOCK32.dll
0x00007ffcef030000 - 0x00007ffcef09f000 	C:\WINDOWS\System32\WS2_32.dll
0x00007ffcebca0000 - 0x00007ffcebcc4000 	C:\WINDOWS\SYSTEM32\WINMM.dll
0x00007ffcebc70000 - 0x00007ffcebc9d000 	C:\WINDOWS\SYSTEM32\WINMMBASE.dll
0x00007ffcee680000 - 0x00007ffcee6ca000 	C:\WINDOWS\System32\cfgmgr32.dll
0x00007ffcede10000 - 0x00007ffcede21000 	C:\WINDOWS\System32\kernel.appcore.dll
0x00007ffce6230000 - 0x00007ffce623a000 	C:\Program Files\Java\jdk-15\bin\jimage.dll
0x00007ffcd7f70000 - 0x00007ffcd8164000 	C:\WINDOWS\SYSTEM32\DBGHELP.DLL
0x00007ffcd7db0000 - 0x00007ffcd7dda000 	C:\WINDOWS\SYSTEM32\dbgcore.DLL
0x00007ffce5640000 - 0x00007ffce5665000 	C:\Program Files\Java\jdk-15\bin\java.dll
0x00007ffcf0020000 - 0x00007ffcf0707000 	C:\WINDOWS\System32\SHELL32.dll
0x00007ffcf0920000 - 0x00007ffcf09c9000 	C:\WINDOWS\System32\shcore.dll
0x00007ffcede30000 - 0x00007ffcee5b0000 	C:\WINDOWS\System32\windows.storage.dll
0x00007ffcedd70000 - 0x00007ffcedd93000 	C:\WINDOWS\System32\profapi.dll
0x00007ffcedda0000 - 0x00007ffceddea000 	C:\WINDOWS\System32\powrprof.dll
0x00007ffcedd60000 - 0x00007ffcedd70000 	C:\WINDOWS\System32\UMPDC.dll
0x00007ffcef720000 - 0x00007ffcef772000 	C:\WINDOWS\System32\shlwapi.dll
0x00007ffceeed0000 - 0x00007ffceeee7000 	C:\WINDOWS\System32\cryptsp.dll
0x00007ffce5620000 - 0x00007ffce5639000 	C:\Program Files\Java\jdk-15\bin\net.dll
0x00007ffce6e10000 - 0x00007ffce6f00000 	C:\WINDOWS\SYSTEM32\WINHTTP.dll
0x00007ffced500000 - 0x00007ffced567000 	C:\WINDOWS\system32\mswsock.dll
0x00007ffce5600000 - 0x00007ffce5612000 	C:\Program Files\Java\jdk-15\bin\nio.dll
0x00007ffce55e0000 - 0x00007ffce55f8000 	C:\Program Files\Java\jdk-15\bin\zip.dll
0x00007ffcea5c0000 - 0x00007ffcea5d0000 	C:\Program Files\Java\jdk-15\bin\verify.dll
0x00007ffce6110000 - 0x00007ffce6136000 	C:\Users\Work\.gradle\native\fdc75f09e3144964f2cf3f50f0aa648679c211496f362492102eb8c894070792\windows-amd64\native-platform.dll
0x00007ffcd02a0000 - 0x00007ffcd0431000 	C:\Users\Work\.gradle\native\12488b8bf47d2d4c9fbf2f6322a914ad602e24e48041cd04a747c6da556b65c4\windows-amd64\native-platform-file-events.dll
0x00007ffcea5b0000 - 0x00007ffcea5b9000 	C:\Program Files\Java\jdk-15\bin\management.dll
0x00007ffce6100000 - 0x00007ffce610b000 	C:\Program Files\Java\jdk-15\bin\management_ext.dll
0x00007ffced080000 - 0x00007ffced0b3000 	C:\WINDOWS\system32\rsaenh.dll
0x00007ffceeea0000 - 0x00007ffceeec6000 	C:\WINDOWS\System32\bcrypt.dll
0x00007ffcedc80000 - 0x00007ffcedca5000 	C:\WINDOWS\SYSTEM32\USERENV.dll
0x00007ffced680000 - 0x00007ffced68c000 	C:\WINDOWS\SYSTEM32\CRYPTBASE.dll
0x00007ffced220000 - 0x00007ffced25a000 	C:\WINDOWS\SYSTEM32\IPHLPAPI.DLL
0x00007ffcf07e0000 - 0x00007ffcf07e8000 	C:\WINDOWS\System32\NSI.dll
0x00007ffce6d40000 - 0x00007ffce6d56000 	C:\WINDOWS\SYSTEM32\dhcpcsvc6.DLL
0x00007ffce6cf0000 - 0x00007ffce6d0c000 	C:\WINDOWS\SYSTEM32\dhcpcsvc.DLL
0x00007ffced260000 - 0x00007ffced32b000 	C:\WINDOWS\SYSTEM32\DNSAPI.dll
0x00007ffce7b30000 - 0x00007ffce7b3b000 	C:\WINDOWS\SYSTEM32\WINNSI.DLL

dbghelp: loaded successfully - version: 4.0.5 - missing functions: none
symbol engine: initialized successfully - sym options: 0x614 - pdb path: .;C:\Program Files\Java\jdk-15\bin;C:\WINDOWS\SYSTEM32;C:\WINDOWS\WinSxS\amd64_microsoft.windows.common-controls_6595b64144ccf1df_6.0.18362.1082_none_9e8193e1e45b25c1;C:\Program Files\Java\jdk-15\bin\server;C:\Users\Work\.gradle\native\fdc75f09e3144964f2cf3f50f0aa648679c211496f362492102eb8c894070792\windows-amd64;C:\Users\Work\.gradle\native\12488b8bf47d2d4c9fbf2f6322a914ad602e24e48041cd04a747c6da556b65c4\windows-amd64

VM Arguments:
jvm_args: -Dfile.encoding=UTF8 --add-opens=java.base/java.util=ALL-UNNAMED --add-opens=java.base/java.lang=ALL-UNNAMED --add-opens=java.base/java.lang.invoke=ALL-UNNAMED --add-opens=java.prefs/java.util.prefs=ALL-UNNAMED -XX:MaxMetaspaceSize=256m -XX:+HeapDumpOnOutOfMemoryError -Xms256m -Xmx512m -Dfile.encoding=UTF8 -Duser.country=RU -Duser.language=ru -Duser.variant 
java_command: org.gradle.launcher.daemon.bootstrap.GradleDaemon 6.8.3
java_class_path (initial): C:\Users\Work\.gradle\wrapper\dists\gradle-6.8.3-bin\7ykxq50lst7lb7wx1nijpicxn\gradle-6.8.3\lib\gradle-launcher-6.8.3.jar
Launcher Type: SUN_STANDARD

[Global flags]
     intx CICompilerCount                          = 3                                         {product} {ergonomic}
   size_t CompressedClassSpaceSize                 = 260046848                                 {product} {ergonomic}
     uint ConcGCThreads                            = 1                                         {product} {ergonomic}
     uint G1ConcRefinementThreads                  = 4                                         {product} {ergonomic}
   size_t G1HeapRegionSize                         = 1048576                                   {product} {ergonomic}
    uintx GCDrainStackTargetSize                   = 64                                        {product} {ergonomic}
     bool HeapDumpOnOutOfMemoryError               = true                                   {manageable} {command line}
   size_t InitialHeapSize                          = 268435456                                 {product} {command line}
   size_t MarkStackSize                            = 4194304                                   {product} {ergonomic}
   size_t MaxHeapSize                              = 536870912                                 {product} {command line}
   size_t MaxMetaspaceSize                         = 268435456                                 {product} {command line}
   size_t MaxNewSize                               = 321912832                                 {product} {ergonomic}
   size_t MinHeapDeltaBytes                        = 1048576                                   {product} {ergonomic}
   size_t MinHeapSize                              = 268435456                                 {product} {command line}
    uintx NonNMethodCodeHeapSize                   = 5832780                                {pd product} {ergonomic}
    uintx NonProfiledCodeHeapSize                  = 122912730                              {pd product} {ergonomic}
    uintx ProfiledCodeHeapSize                     = 122912730                              {pd product} {ergonomic}
    uintx ReservedCodeCacheSize                    = 251658240                              {pd product} {ergonomic}
     bool SegmentedCodeCache                       = true                                      {product} {ergonomic}
   size_t SoftMaxHeapSize                          = 536870912                              {manageable} {ergonomic}
     bool UseCompressedClassPointers               = true                                 {lp64_product} {ergonomic}
     bool UseCompressedOops                        = true                                 {lp64_product} {ergonomic}
     bool UseG1GC                                  = true                                      {product} {ergonomic}
     bool UseLargePagesIndividualAllocation        = false                                  {pd product} {ergonomic}

Logging:
Log output configuration:
 #0: stdout all=warning uptime,level,tags
 #1: stderr all=off uptime,level,tags

Environment Variables:
JAVA_HOME=C:\Program Files\Java\jdk-15
JAVA_TOOL_OPTIONS=-Dfile.encoding=UTF8
CLASSPATH=.;
PATH=C:\Program Files\Common Files\Oracle\Java\javapath;C:\WINDOWS\system32;C:\WINDOWS;C:\WINDOWS\System32\Wbem;C:\WINDOWS\System32\WindowsPowerShell\v1.0\;C:\Program Files\Intel\WiFi\bin\;C:\Program Files\Common Files\Intel\WirelessCommon\;C:\Program Files\Java\jdk-15;C:\WINDOWS\System32\OpenSSH\;C:\java_project\tools\apache-maven-3.6.3\bin;C:\Gradle\gradle-6.8.1\bin;C:\sqlite;C:\Program Files\Git\cmd;C:\Program Files\Docker\Docker\resources\bin;C:\ProgramData\DockerDesktop\version-bin;C:\Users\Work\AppData\Local\Microsoft\WindowsApps;C:\Program Files\JetBrains\IntelliJ IDEA 2021.1\bin;;C:\Program Files\JetBrains\PyCharm Community Edition 2020.3\bin;;C:\Program Files\Azure Data Studio\bin;C:\Program Files\Azure Data Studio\bin;C:\Program Files\Azure Data Studio\bin;C:\Program Files\Azure Data Studio\bin;C:\Gradle\gradle-6.8.1\bin;
USERNAME=Work
OS=Windows_NT
PROCESSOR_IDENTIFIER=Intel64 Family 6 Model 142 Stepping 9, GenuineIntel



---------------  S Y S T E M  ---------------

OS:
 Windows 10 , 64 bit Build 18362 (10.0.18362.1082)
OS uptime: 0 days 18:48 hours
HyperV virtualization detected

CPU: total 4 (initial active 4) (2 cores per cpu, 2 threads per core) family 6 model 142 stepping 9, cmov, cx8, fxsr, mmx, sse, sse2, sse3, ssse3, sse4.1, sse4.2, popcnt, vzeroupper, avx, avx2, aes, clmul, erms, 3dnowpref, lzcnt, ht, tsc, tscinvbit, bmi1, bmi2, adx, fma, clflush, clflushopt

Memory: 4k page, system-wide physical 6012M (144M free)
TotalPageFile size 12012M (AvailPageFile size 5M)
current process WorkingSet (physical memory assigned to process): 470M, peak: 471M
current process commit charge ("private bytes"): 505M, peak: 506M

vm_info: Java HotSpot(TM) 64-Bit Server VM (15+36-1562) for windows-amd64 JRE (15+36-1562), built on Aug 11 2020 22:38:02 by "mach5one" with unknown MS VC++:1925

END.
